{"D:\\AI\\ClawTools\\clawtools\\config\\providers.ts": {"path":"D:\\AI\\ClawTools\\clawtools\\config\\providers.ts","statementMap":{"0":{"start":{"line":17,"column":63},"end":{"line":137,"column":null}},"1":{"start":{"line":139,"column":33},"end":{"line":158,"column":null}},"2":{"start":{"line":160,"column":37},"end":{"line":180,"column":null}}},"fnMap":{},"branchMap":{},"s":{"0":0,"1":0,"2":0},"f":{},"b":{},"meta":{"lastBranch":0,"lastFunction":0,"lastStatement":3,"seen":{"s:17:63:137:Infinity":0,"s:139:33:158:Infinity":1,"s:160:37:180:Infinity":2}}}
,"D:\\AI\\ClawTools\\clawtools\\core\\backup.ts": {"path":"D:\\AI\\ClawTools\\clawtools\\core\\backup.ts","statementMap":{"0":{"start":{"line":36,"column":52},"end":{"line":40,"column":null}},"1":{"start":{"line":47,"column":21},"end":{"line":47,"column":null}},"2":{"start":{"line":48,"column":4},"end":{"line":48,"column":null}},"3":{"start":{"line":49,"column":4},"end":{"line":49,"column":null}},"4":{"start":{"line":51,"column":4},"end":{"line":52,"column":null}},"5":{"start":{"line":52,"column":6},"end":{"line":52,"column":null}},"6":{"start":{"line":57,"column":4},"end":{"line":57,"column":null}},"7":{"start":{"line":61,"column":4},"end":{"line":81,"column":null}},"8":{"start":{"line":62,"column":20},"end":{"line":62,"column":50}},"9":{"start":{"line":63,"column":36},"end":{"line":63,"column":38}},"10":{"start":{"line":65,"column":6},"end":{"line":75,"column":null}},"11":{"start":{"line":66,"column":8},"end":{"line":75,"column":null}},"12":{"start":{"line":67,"column":27},"end":{"line":67,"column":58}},"13":{"start":{"line":68,"column":23},"end":{"line":68,"column":44}},"14":{"start":{"line":69,"column":10},"end":{"line":75,"column":null}},"15":{"start":{"line":79,"column":6},"end":{"line":79,"column":null}},"16":{"start":{"line":79,"column":36},"end":{"line":79,"column":101}},"17":{"start":{"line":81,"column":6},"end":{"line":81,"column":null}},"18":{"start":{"line":86,"column":22},"end":{"line":86,"column":68}},"19":{"start":{"line":87,"column":27},"end":{"line":87,"column":null}},"20":{"start":{"line":88,"column":23},"end":{"line":88,"column":64}},"21":{"start":{"line":90,"column":4},"end":{"line":170,"column":null}},"22":{"start":{"line":91,"column":38},"end":{"line":91,"column":40}},"23":{"start":{"line":93,"column":6},"end":{"line":104,"column":null}},"24":{"start":{"line":94,"column":28},"end":{"line":98,"column":10}},"25":{"start":{"line":100,"column":8},"end":{"line":104,"column":null}},"26":{"start":{"line":101,"column":27},"end":{"line":101,"column":58}},"27":{"start":{"line":102,"column":23},"end":{"line":102,"column":44}},"28":{"start":{"line":103,"column":10},"end":{"line":104,"column":null}},"29":{"start":{"line":104,"column":12},"end":{"line":104,"column":null}},"30":{"start":{"line":109,"column":6},"end":{"line":118,"column":null}},"31":{"start":{"line":110,"column":26},"end":{"line":110,"column":61}},"32":{"start":{"line":111,"column":8},"end":{"line":118,"column":null}},"33":{"start":{"line":112,"column":30},"end":{"line":116,"column":12}},"34":{"start":{"line":117,"column":10},"end":{"line":118,"column":null}},"35":{"start":{"line":118,"column":12},"end":{"line":118,"column":null}},"36":{"start":{"line":123,"column":6},"end":{"line":132,"column":null}},"37":{"start":{"line":124,"column":27},"end":{"line":124,"column":63}},"38":{"start":{"line":125,"column":8},"end":{"line":132,"column":null}},"39":{"start":{"line":126,"column":30},"end":{"line":130,"column":12}},"40":{"start":{"line":131,"column":10},"end":{"line":132,"column":null}},"41":{"start":{"line":132,"column":12},"end":{"line":132,"column":null}},"42":{"start":{"line":137,"column":6},"end":{"line":138,"column":null}},"43":{"start":{"line":138,"column":8},"end":{"line":138,"column":null}},"44":{"start":{"line":141,"column":6},"end":{"line":148,"column":null}},"45":{"start":{"line":150,"column":20},"end":{"line":150,"column":43}},"46":{"start":{"line":152,"column":23},"end":{"line":158,"column":null}},"47":{"start":{"line":160,"column":27},"end":{"line":160,"column":null}},"48":{"start":{"line":161,"column":6},"end":{"line":161,"column":null}},"49":{"start":{"line":163,"column":6},"end":{"line":168,"column":null}},"50":{"start":{"line":170,"column":6},"end":{"line":170,"column":null}},"51":{"start":{"line":175,"column":4},"end":{"line":176,"column":null}},"52":{"start":{"line":176,"column":6},"end":{"line":176,"column":null}},"53":{"start":{"line":179,"column":19},"end":{"line":179,"column":null}},"54":{"start":{"line":181,"column":4},"end":{"line":195,"column":null}},"55":{"start":{"line":182,"column":6},"end":{"line":186,"column":null}},"56":{"start":{"line":188,"column":6},"end":{"line":188,"column":null}},"57":{"start":{"line":190,"column":6},"end":{"line":195,"column":null}},"58":{"start":{"line":191,"column":20},"end":{"line":191,"column":42}},"59":{"start":{"line":192,"column":8},"end":{"line":192,"column":null}},"60":{"start":{"line":193,"column":8},"end":{"line":193,"column":null}},"61":{"start":{"line":195,"column":8},"end":{"line":195,"column":null}},"62":{"start":{"line":201,"column":4},"end":{"line":211,"column":null}},"63":{"start":{"line":202,"column":6},"end":{"line":203,"column":null}},"64":{"start":{"line":203,"column":8},"end":{"line":203,"column":null}},"65":{"start":{"line":205,"column":23},"end":{"line":205,"column":null}},"66":{"start":{"line":206,"column":6},"end":{"line":207,"column":null}},"67":{"start":{"line":207,"column":8},"end":{"line":207,"column":null}},"68":{"start":{"line":209,"column":6},"end":{"line":209,"column":null}},"69":{"start":{"line":211,"column":6},"end":{"line":211,"column":null}},"70":{"start":{"line":216,"column":22},"end":{"line":216,"column":68}},"71":{"start":{"line":217,"column":27},"end":{"line":217,"column":null}},"72":{"start":{"line":218,"column":23},"end":{"line":218,"column":64}},"73":{"start":{"line":220,"column":35},"end":{"line":225,"column":null}},"74":{"start":{"line":227,"column":19},"end":{"line":227,"column":51}},"75":{"start":{"line":229,"column":4},"end":{"line":240,"column":null}},"76":{"start":{"line":230,"column":32},"end":{"line":235,"column":null}},"77":{"start":{"line":237,"column":27},"end":{"line":237,"column":null}},"78":{"start":{"line":238,"column":6},"end":{"line":238,"column":null}},"79":{"start":{"line":240,"column":6},"end":{"line":240,"column":null}},"80":{"start":{"line":243,"column":4},"end":{"line":243,"column":null}}},"fnMap":{"0":{"name":"(anonymous_0)","decl":{"start":{"line":46,"column":2},"end":{"line":46,"column":14}},"loc":{"start":{"line":46,"column":54},"end":{"line":52,"column":null}},"line":46},"1":{"name":"(anonymous_1)","decl":{"start":{"line":56,"column":2},"end":{"line":56,"column":9}},"loc":{"start":{"line":56,"column":32},"end":{"line":57,"column":null}},"line":56},"2":{"name":"(anonymous_2)","decl":{"start":{"line":60,"column":2},"end":{"line":60,"column":9}},"loc":{"start":{"line":60,"column":37},"end":{"line":81,"column":null}},"line":60},"3":{"name":"(anonymous_3)","decl":{"start":{"line":79,"column":21},"end":{"line":79,"column":27}},"loc":{"start":{"line":79,"column":36},"end":{"line":79,"column":101}},"line":79},"4":{"name":"(anonymous_4)","decl":{"start":{"line":85,"column":15},"end":{"line":85,"column":28}},"loc":{"start":{"line":85,"column":75},"end":{"line":170,"column":null}},"line":85},"5":{"name":"(anonymous_5)","decl":{"start":{"line":174,"column":15},"end":{"line":174,"column":29}},"loc":{"start":{"line":174,"column":93},"end":{"line":195,"column":null}},"line":174},"6":{"name":"(anonymous_6)","decl":{"start":{"line":200,"column":2},"end":{"line":200,"column":9}},"loc":{"start":{"line":200,"column":51},"end":{"line":211,"column":null}},"line":200},"7":{"name":"(anonymous_7)","decl":{"start":{"line":215,"column":15},"end":{"line":215,"column":34}},"loc":{"start":{"line":215,"column":99},"end":{"line":243,"column":null}},"line":215}},"branchMap":{"0":{"loc":{"start":{"line":48,"column":21},"end":{"line":48,"column":103}},"type":"binary-expr","locations":[{"start":{"line":48,"column":21},"end":{"line":48,"column":34}},{"start":{"line":48,"column":34},"end":{"line":48,"column":67}},{"start":{"line":48,"column":67},"end":{"line":48,"column":103}}],"line":48},"1":{"loc":{"start":{"line":49,"column":21},"end":{"line":49,"column":82}},"type":"binary-expr","locations":[{"start":{"line":49,"column":21},"end":{"line":49,"column":34}},{"start":{"line":49,"column":34},"end":{"line":49,"column":82}}],"line":49},"2":{"loc":{"start":{"line":51,"column":4},"end":{"line":52,"column":null}},"type":"if","locations":[{"start":{"line":51,"column":4},"end":{"line":52,"column":null}},{"start":{},"end":{}}],"line":51},"3":{"loc":{"start":{"line":66,"column":8},"end":{"line":75,"column":null}},"type":"if","locations":[{"start":{"line":66,"column":8},"end":{"line":75,"column":null}},{"start":{},"end":{}}],"line":66},"4":{"loc":{"start":{"line":66,"column":12},"end":{"line":66,"column":61}},"type":"binary-expr","locations":[{"start":{"line":66,"column":12},"end":{"line":66,"column":36}},{"start":{"line":66,"column":40},"end":{"line":66,"column":61}}],"line":66},"5":{"loc":{"start":{"line":93,"column":6},"end":{"line":104,"column":null}},"type":"if","locations":[{"start":{"line":93,"column":6},"end":{"line":104,"column":null}},{"start":{},"end":{}}],"line":93},"6":{"loc":{"start":{"line":93,"column":10},"end":{"line":93,"column":64}},"type":"binary-expr","locations":[{"start":{"line":93,"column":10},"end":{"line":93,"column":35}},{"start":{"line":93,"column":35},"end":{"line":93,"column":64}}],"line":93},"7":{"loc":{"start":{"line":103,"column":10},"end":{"line":104,"column":null}},"type":"if","locations":[{"start":{"line":103,"column":10},"end":{"line":104,"column":null}},{"start":{},"end":{}}],"line":103},"8":{"loc":{"start":{"line":109,"column":6},"end":{"line":118,"column":null}},"type":"if","locations":[{"start":{"line":109,"column":6},"end":{"line":118,"column":null}},{"start":{},"end":{}}],"line":109},"9":{"loc":{"start":{"line":111,"column":8},"end":{"line":118,"column":null}},"type":"if","locations":[{"start":{"line":111,"column":8},"end":{"line":118,"column":null}},{"start":{},"end":{}}],"line":111},"10":{"loc":{"start":{"line":123,"column":6},"end":{"line":132,"column":null}},"type":"if","locations":[{"start":{"line":123,"column":6},"end":{"line":132,"column":null}},{"start":{},"end":{}}],"line":123},"11":{"loc":{"start":{"line":125,"column":8},"end":{"line":132,"column":null}},"type":"if","locations":[{"start":{"line":125,"column":8},"end":{"line":132,"column":null}},{"start":{},"end":{}}],"line":125},"12":{"loc":{"start":{"line":137,"column":6},"end":{"line":138,"column":null}},"type":"if","locations":[{"start":{"line":137,"column":6},"end":{"line":138,"column":null}},{"start":{},"end":{}}],"line":137},"13":{"loc":{"start":{"line":175,"column":4},"end":{"line":176,"column":null}},"type":"if","locations":[{"start":{"line":175,"column":4},"end":{"line":176,"column":null}},{"start":{},"end":{}}],"line":175},"14":{"loc":{"start":{"line":179,"column":19},"end":{"line":179,"column":null}},"type":"binary-expr","locations":[{"start":{"line":179,"column":19},"end":{"line":179,"column":32}},{"start":{"line":179,"column":32},"end":{"line":179,"column":null}}],"line":179},"15":{"loc":{"start":{"line":202,"column":6},"end":{"line":203,"column":null}},"type":"if","locations":[{"start":{"line":202,"column":6},"end":{"line":203,"column":null}},{"start":{},"end":{}}],"line":202},"16":{"loc":{"start":{"line":206,"column":6},"end":{"line":207,"column":null}},"type":"if","locations":[{"start":{"line":206,"column":6},"end":{"line":207,"column":null}},{"start":{},"end":{}}],"line":206},"17":{"loc":{"start":{"line":229,"column":4},"end":{"line":240,"column":null}},"type":"if","locations":[{"start":{"line":229,"column":4},"end":{"line":240,"column":null}},{"start":{},"end":{}}],"line":229},"18":{"loc":{"start":{"line":229,"column":8},"end":{"line":229,"column":45}},"type":"binary-expr","locations":[{"start":{"line":229,"column":8},"end":{"line":229,"column":26}},{"start":{"line":229,"column":26},"end":{"line":229,"column":45}}],"line":229}},"s":{"0":0,"1":0,"2":0,"3":0,"4":0,"5":0,"6":0,"7":0,"8":0,"9":0,"10":0,"11":0,"12":0,"13":0,"14":0,"15":0,"16":0,"17":0,"18":0,"19":0,"20":0,"21":0,"22":0,"23":0,"24":0,"25":0,"26":0,"27":0,"28":0,"29":0,"30":0,"31":0,"32":0,"33":0,"34":0,"35":0,"36":0,"37":0,"38":0,"39":0,"40":0,"41":0,"42":0,"43":0,"44":0,"45":0,"46":0,"47":0,"48":0,"49":0,"50":0,"51":0,"52":0,"53":0,"54":0,"55":0,"56":0,"57":0,"58":0,"59":0,"60":0,"61":0,"62":0,"63":0,"64":0,"65":0,"66":0,"67":0,"68":0,"69":0,"70":0,"71":0,"72":0,"73":0,"74":0,"75":0,"76":0,"77":0,"78":0,"79":0,"80":0},"f":{"0":0,"1":0,"2":0,"3":0,"4":0,"5":0,"6":0,"7":0},"b":{"0":[0,0,0],"1":[0,0],"2":[0,0],"3":[0,0],"4":[0,0],"5":[0,0],"6":[0,0],"7":[0,0],"8":[0,0],"9":[0,0],"10":[0,0],"11":[0,0],"12":[0,0],"13":[0,0],"14":[0,0],"15":[0,0],"16":[0,0],"17":[0,0],"18":[0,0]},"meta":{"lastBranch":19,"lastFunction":8,"lastStatement":81,"seen":{"s:36:52:40:Infinity":0,"f:46:2:46:14":0,"s:47:21:47:Infinity":1,"s:48:4:48:Infinity":2,"b:48:21:48:34:48:34:48:67:48:67:48:103":0,"s:49:4:49:Infinity":3,"b:49:21:49:34:49:34:49:82":1,"b:51:4:52:Infinity:undefined:undefined:undefined:undefined":2,"s:51:4:52:Infinity":4,"s:52:6:52:Infinity":5,"f:56:2:56:9":1,"s:57:4:57:Infinity":6,"f:60:2:60:9":2,"s:61:4:81:Infinity":7,"s:62:20:62:50":8,"s:63:36:63:38":9,"s:65:6:75:Infinity":10,"b:66:8:75:Infinity:undefined:undefined:undefined:undefined":3,"s:66:8:75:Infinity":11,"b:66:12:66:36:66:40:66:61":4,"s:67:27:67:58":12,"s:68:23:68:44":13,"s:69:10:75:Infinity":14,"s:79:6:79:Infinity":15,"f:79:21:79:27":3,"s:79:36:79:101":16,"s:81:6:81:Infinity":17,"f:85:15:85:28":4,"s:86:22:86:68":18,"s:87:27:87:Infinity":19,"s:88:23:88:64":20,"s:90:4:170:Infinity":21,"s:91:38:91:40":22,"b:93:6:104:Infinity:undefined:undefined:undefined:undefined":5,"s:93:6:104:Infinity":23,"b:93:10:93:35:93:35:93:64":6,"s:94:28:98:10":24,"s:100:8:104:Infinity":25,"s:101:27:101:58":26,"s:102:23:102:44":27,"b:103:10:104:Infinity:undefined:undefined:undefined:undefined":7,"s:103:10:104:Infinity":28,"s:104:12:104:Infinity":29,"b:109:6:118:Infinity:undefined:undefined:undefined:undefined":8,"s:109:6:118:Infinity":30,"s:110:26:110:61":31,"b:111:8:118:Infinity:undefined:undefined:undefined:undefined":9,"s:111:8:118:Infinity":32,"s:112:30:116:12":33,"s:117:10:118:Infinity":34,"s:118:12:118:Infinity":35,"b:123:6:132:Infinity:undefined:undefined:undefined:undefined":10,"s:123:6:132:Infinity":36,"s:124:27:124:63":37,"b:125:8:132:Infinity:undefined:undefined:undefined:undefined":11,"s:125:8:132:Infinity":38,"s:126:30:130:12":39,"s:131:10:132:Infinity":40,"s:132:12:132:Infinity":41,"b:137:6:138:Infinity:undefined:undefined:undefined:undefined":12,"s:137:6:138:Infinity":42,"s:138:8:138:Infinity":43,"s:141:6:148:Infinity":44,"s:150:20:150:43":45,"s:152:23:158:Infinity":46,"s:160:27:160:Infinity":47,"s:161:6:161:Infinity":48,"s:163:6:168:Infinity":49,"s:170:6:170:Infinity":50,"f:174:15:174:29":5,"b:175:4:176:Infinity:undefined:undefined:undefined:undefined":13,"s:175:4:176:Infinity":51,"s:176:6:176:Infinity":52,"s:179:19:179:Infinity":53,"b:179:19:179:32:179:32:179:Infinity":14,"s:181:4:195:Infinity":54,"s:182:6:186:Infinity":55,"s:188:6:188:Infinity":56,"s:190:6:195:Infinity":57,"s:191:20:191:42":58,"s:192:8:192:Infinity":59,"s:193:8:193:Infinity":60,"s:195:8:195:Infinity":61,"f:200:2:200:9":6,"s:201:4:211:Infinity":62,"b:202:6:203:Infinity:undefined:undefined:undefined:undefined":15,"s:202:6:203:Infinity":63,"s:203:8:203:Infinity":64,"s:205:23:205:Infinity":65,"b:206:6:207:Infinity:undefined:undefined:undefined:undefined":16,"s:206:6:207:Infinity":66,"s:207:8:207:Infinity":67,"s:209:6:209:Infinity":68,"s:211:6:211:Infinity":69,"f:215:15:215:34":7,"s:216:22:216:68":70,"s:217:27:217:Infinity":71,"s:218:23:218:64":72,"s:220:35:225:Infinity":73,"s:227:19:227:51":74,"b:229:4:240:Infinity:undefined:undefined:undefined:undefined":17,"s:229:4:240:Infinity":75,"b:229:8:229:26:229:26:229:45":18,"s:230:32:235:Infinity":76,"s:237:27:237:Infinity":77,"s:238:6:238:Infinity":78,"s:240:6:240:Infinity":79,"s:243:4:243:Infinity":80}}}
,"D:\\AI\\ClawTools\\clawtools\\core\\configurator.ts": {"path":"D:\\AI\\ClawTools\\clawtools\\core\\configurator.ts","statementMap":{"0":{"start":{"line":30,"column":52},"end":{"line":34,"column":null}},"1":{"start":{"line":36,"column":29},"end":{"line":36,"column":null}},"2":{"start":{"line":41,"column":41},"end":{"line":41,"column":null}},"3":{"start":{"line":44,"column":21},"end":{"line":44,"column":null}},"4":{"start":{"line":45,"column":4},"end":{"line":45,"column":null}},"5":{"start":{"line":46,"column":4},"end":{"line":46,"column":null}},"6":{"start":{"line":50,"column":4},"end":{"line":53,"column":null}},"7":{"start":{"line":51,"column":23},"end":{"line":51,"column":54}},"8":{"start":{"line":52,"column":6},"end":{"line":53,"column":null}},"9":{"start":{"line":53,"column":8},"end":{"line":53,"column":null}},"10":{"start":{"line":56,"column":4},"end":{"line":56,"column":null}},"11":{"start":{"line":60,"column":4},"end":{"line":60,"column":null}},"12":{"start":{"line":64,"column":4},"end":{"line":64,"column":null}},"13":{"start":{"line":68,"column":4},"end":{"line":69,"column":null}},"14":{"start":{"line":69,"column":6},"end":{"line":69,"column":null}},"15":{"start":{"line":72,"column":4},"end":{"line":84,"column":null}},"16":{"start":{"line":73,"column":22},"end":{"line":73,"column":62}},"17":{"start":{"line":74,"column":6},"end":{"line":79,"column":null}},"18":{"start":{"line":75,"column":19},"end":{"line":75,"column":32}},"19":{"start":{"line":76,"column":23},"end":{"line":76,"column":38}},"20":{"start":{"line":77,"column":23},"end":{"line":77,"column":67}},"21":{"start":{"line":78,"column":8},"end":{"line":78,"column":null}},"22":{"start":{"line":79,"column":8},"end":{"line":79,"column":null}},"23":{"start":{"line":81,"column":6},"end":{"line":81,"column":null}},"24":{"start":{"line":83,"column":6},"end":{"line":83,"column":null}},"25":{"start":{"line":84,"column":6},"end":{"line":84,"column":null}},"26":{"start":{"line":89,"column":4},"end":{"line":93,"column":null}},"27":{"start":{"line":90,"column":6},"end":{"line":91,"column":null}},"28":{"start":{"line":91,"column":8},"end":{"line":91,"column":null}},"29":{"start":{"line":93,"column":6},"end":{"line":93,"column":null}},"30":{"start":{"line":96,"column":4},"end":{"line":102,"column":null}},"31":{"start":{"line":97,"column":22},"end":{"line":97,"column":53}},"32":{"start":{"line":98,"column":6},"end":{"line":98,"column":null}},"33":{"start":{"line":99,"column":6},"end":{"line":99,"column":null}},"34":{"start":{"line":101,"column":6},"end":{"line":101,"column":null}},"35":{"start":{"line":102,"column":6},"end":{"line":102,"column":null}},"36":{"start":{"line":107,"column":4},"end":{"line":107,"column":null}},"37":{"start":{"line":111,"column":4},"end":{"line":112,"column":null}},"38":{"start":{"line":112,"column":6},"end":{"line":112,"column":null}},"39":{"start":{"line":114,"column":15},"end":{"line":114,"column":37}},"40":{"start":{"line":115,"column":19},"end":{"line":115,"column":79}},"41":{"start":{"line":116,"column":20},"end":{"line":116,"column":56}},"42":{"start":{"line":117,"column":4},"end":{"line":117,"column":null}},"43":{"start":{"line":118,"column":4},"end":{"line":118,"column":null}},"44":{"start":{"line":122,"column":4},"end":{"line":123,"column":null}},"45":{"start":{"line":123,"column":6},"end":{"line":123,"column":null}},"46":{"start":{"line":125,"column":18},"end":{"line":125,"column":38}},"47":{"start":{"line":126,"column":15},"end":{"line":126,"column":43}},"48":{"start":{"line":127,"column":26},"end":{"line":127,"column":null}},"49":{"start":{"line":128,"column":21},"end":{"line":128,"column":83}},"50":{"start":{"line":129,"column":20},"end":{"line":129,"column":65}},"51":{"start":{"line":130,"column":4},"end":{"line":130,"column":null}},"52":{"start":{"line":131,"column":4},"end":{"line":131,"column":null}},"53":{"start":{"line":135,"column":19},"end":{"line":135,"column":36}},"54":{"start":{"line":136,"column":4},"end":{"line":137,"column":null}},"55":{"start":{"line":137,"column":6},"end":{"line":137,"column":null}},"56":{"start":{"line":139,"column":4},"end":{"line":139,"column":null}},"57":{"start":{"line":143,"column":19},"end":{"line":143,"column":42}},"58":{"start":{"line":144,"column":4},"end":{"line":145,"column":null}},"59":{"start":{"line":145,"column":6},"end":{"line":145,"column":null}},"60":{"start":{"line":147,"column":4},"end":{"line":147,"column":null}},"61":{"start":{"line":148,"column":4},"end":{"line":148,"column":null}},"62":{"start":{"line":152,"column":19},"end":{"line":152,"column":36}},"63":{"start":{"line":153,"column":4},"end":{"line":154,"column":null}},"64":{"start":{"line":154,"column":6},"end":{"line":154,"column":null}},"65":{"start":{"line":156,"column":4},"end":{"line":156,"column":null}},"66":{"start":{"line":157,"column":4},"end":{"line":157,"column":null}},"67":{"start":{"line":161,"column":19},"end":{"line":161,"column":42}},"68":{"start":{"line":162,"column":4},"end":{"line":163,"column":null}},"69":{"start":{"line":163,"column":6},"end":{"line":163,"column":null}},"70":{"start":{"line":165,"column":4},"end":{"line":166,"column":null}},"71":{"start":{"line":166,"column":6},"end":{"line":166,"column":null}},"72":{"start":{"line":168,"column":4},"end":{"line":169,"column":null}},"73":{"start":{"line":169,"column":6},"end":{"line":169,"column":null}},"74":{"start":{"line":171,"column":4},"end":{"line":171,"column":null}},"75":{"start":{"line":172,"column":4},"end":{"line":172,"column":null}},"76":{"start":{"line":176,"column":4},"end":{"line":177,"column":null}},"77":{"start":{"line":177,"column":6},"end":{"line":177,"column":null}},"78":{"start":{"line":180,"column":4},"end":{"line":210,"column":null}},"79":{"start":{"line":181,"column":22},"end":{"line":181,"column":62}},"80":{"start":{"line":182,"column":21},"end":{"line":182,"column":40}},"81":{"start":{"line":183,"column":21},"end":{"line":188,"column":null}},"82":{"start":{"line":190,"column":24},"end":{"line":190,"column":null}},"83":{"start":{"line":191,"column":6},"end":{"line":201,"column":null}},"84":{"start":{"line":192,"column":22},"end":{"line":192,"column":47}},"85":{"start":{"line":193,"column":8},"end":{"line":201,"column":null}},"86":{"start":{"line":194,"column":10},"end":{"line":194,"column":null}},"87":{"start":{"line":194,"column":56},"end":{"line":194,"column":null}},"88":{"start":{"line":195,"column":27},"end":{"line":195,"column":53}},"89":{"start":{"line":196,"column":23},"end":{"line":196,"column":44}},"90":{"start":{"line":197,"column":10},"end":{"line":201,"column":null}},"91":{"start":{"line":198,"column":12},"end":{"line":201,"column":null}},"92":{"start":{"line":206,"column":6},"end":{"line":206,"column":null}},"93":{"start":{"line":207,"column":6},"end":{"line":207,"column":null}},"94":{"start":{"line":209,"column":6},"end":{"line":209,"column":null}},"95":{"start":{"line":210,"column":6},"end":{"line":210,"column":null}},"96":{"start":{"line":215,"column":4},"end":{"line":241,"column":null}},"97":{"start":{"line":216,"column":22},"end":{"line":216,"column":57}},"98":{"start":{"line":217,"column":21},"end":{"line":217,"column":40}},"99":{"start":{"line":219,"column":6},"end":{"line":220,"column":null}},"100":{"start":{"line":220,"column":8},"end":{"line":220,"column":null}},"101":{"start":{"line":223,"column":6},"end":{"line":224,"column":null}},"102":{"start":{"line":224,"column":8},"end":{"line":224,"column":null}},"103":{"start":{"line":227,"column":25},"end":{"line":227,"column":65}},"104":{"start":{"line":228,"column":6},"end":{"line":228,"column":null}},"105":{"start":{"line":229,"column":6},"end":{"line":229,"column":null}},"106":{"start":{"line":231,"column":6},"end":{"line":234,"column":null}},"107":{"start":{"line":232,"column":8},"end":{"line":234,"column":null}},"108":{"start":{"line":233,"column":27},"end":{"line":233,"column":63}},"109":{"start":{"line":234,"column":10},"end":{"line":234,"column":null}},"110":{"start":{"line":238,"column":6},"end":{"line":238,"column":null}},"111":{"start":{"line":240,"column":6},"end":{"line":240,"column":null}},"112":{"start":{"line":241,"column":6},"end":{"line":241,"column":null}},"113":{"start":{"line":246,"column":49},"end":{"line":274,"column":null}}},"fnMap":{"0":{"name":"(anonymous_0)","decl":{"start":{"line":43,"column":2},"end":{"line":43,"column":14}},"loc":{"start":{"line":43,"column":34},"end":{"line":46,"column":null}},"line":43},"1":{"name":"(anonymous_1)","decl":{"start":{"line":49,"column":2},"end":{"line":49,"column":10}},"loc":{"start":{"line":49,"column":42},"end":{"line":56,"column":null}},"line":49},"2":{"name":"(anonymous_2)","decl":{"start":{"line":59,"column":2},"end":{"line":59,"column":9}},"loc":{"start":{"line":59,"column":32},"end":{"line":60,"column":null}},"line":59},"3":{"name":"(anonymous_3)","decl":{"start":{"line":63,"column":2},"end":{"line":63,"column":9}},"loc":{"start":{"line":63,"column":40},"end":{"line":64,"column":null}},"line":63},"4":{"name":"(anonymous_4)","decl":{"start":{"line":67,"column":2},"end":{"line":67,"column":9}},"loc":{"start":{"line":67,"column":45},"end":{"line":84,"column":null}},"line":67},"5":{"name":"(anonymous_5)","decl":{"start":{"line":88,"column":2},"end":{"line":88,"column":9}},"loc":{"start":{"line":88,"column":53},"end":{"line":102,"column":null}},"line":88},"6":{"name":"(anonymous_6)","decl":{"start":{"line":106,"column":2},"end":{"line":106,"column":9}},"loc":{"start":{"line":106,"column":45},"end":{"line":107,"column":null}},"line":106},"7":{"name":"(anonymous_7)","decl":{"start":{"line":110,"column":2},"end":{"line":110,"column":9}},"loc":{"start":{"line":110,"column":47},"end":{"line":118,"column":null}},"line":110},"8":{"name":"(anonymous_8)","decl":{"start":{"line":121,"column":2},"end":{"line":121,"column":9}},"loc":{"start":{"line":121,"column":50},"end":{"line":131,"column":null}},"line":121},"9":{"name":"(anonymous_9)","decl":{"start":{"line":134,"column":2},"end":{"line":134,"column":9}},"loc":{"start":{"line":134,"column":56},"end":{"line":139,"column":null}},"line":134},"10":{"name":"(anonymous_10)","decl":{"start":{"line":142,"column":2},"end":{"line":142,"column":9}},"loc":{"start":{"line":142,"column":77},"end":{"line":148,"column":null}},"line":142},"11":{"name":"(anonymous_11)","decl":{"start":{"line":151,"column":2},"end":{"line":151,"column":9}},"loc":{"start":{"line":151,"column":59},"end":{"line":157,"column":null}},"line":151},"12":{"name":"(anonymous_12)","decl":{"start":{"line":160,"column":2},"end":{"line":160,"column":9}},"loc":{"start":{"line":160,"column":69},"end":{"line":172,"column":null}},"line":160},"13":{"name":"(anonymous_13)","decl":{"start":{"line":175,"column":2},"end":{"line":175,"column":9}},"loc":{"start":{"line":175,"column":51},"end":{"line":210,"column":null}},"line":175},"14":{"name":"(anonymous_14)","decl":{"start":{"line":214,"column":2},"end":{"line":214,"column":9}},"loc":{"start":{"line":214,"column":52},"end":{"line":241,"column":null}},"line":214}},"branchMap":{"0":{"loc":{"start":{"line":45,"column":21},"end":{"line":45,"column":103}},"type":"binary-expr","locations":[{"start":{"line":45,"column":21},"end":{"line":45,"column":34}},{"start":{"line":45,"column":34},"end":{"line":45,"column":67}},{"start":{"line":45,"column":67},"end":{"line":45,"column":103}}],"line":45},"1":{"loc":{"start":{"line":52,"column":6},"end":{"line":53,"column":null}},"type":"if","locations":[{"start":{"line":52,"column":6},"end":{"line":53,"column":null}},{"start":{},"end":{}}],"line":52},"2":{"loc":{"start":{"line":68,"column":4},"end":{"line":69,"column":null}},"type":"if","locations":[{"start":{"line":68,"column":4},"end":{"line":69,"column":null}},{"start":{},"end":{}}],"line":68},"3":{"loc":{"start":{"line":74,"column":6},"end":{"line":79,"column":null}},"type":"if","locations":[{"start":{"line":74,"column":6},"end":{"line":79,"column":null}},{"start":{},"end":{}}],"line":74},"4":{"loc":{"start":{"line":89,"column":4},"end":{"line":93,"column":null}},"type":"if","locations":[{"start":{"line":89,"column":4},"end":{"line":93,"column":null}},{"start":{},"end":{}}],"line":89},"5":{"loc":{"start":{"line":90,"column":6},"end":{"line":91,"column":null}},"type":"if","locations":[{"start":{"line":90,"column":6},"end":{"line":91,"column":null}},{"start":{},"end":{}}],"line":90},"6":{"loc":{"start":{"line":111,"column":4},"end":{"line":112,"column":null}},"type":"if","locations":[{"start":{"line":111,"column":4},"end":{"line":112,"column":null}},{"start":{},"end":{}}],"line":111},"7":{"loc":{"start":{"line":122,"column":4},"end":{"line":123,"column":null}},"type":"if","locations":[{"start":{"line":122,"column":4},"end":{"line":123,"column":null}},{"start":{},"end":{}}],"line":122},"8":{"loc":{"start":{"line":136,"column":4},"end":{"line":137,"column":null}},"type":"if","locations":[{"start":{"line":136,"column":4},"end":{"line":137,"column":null}},{"start":{},"end":{}}],"line":136},"9":{"loc":{"start":{"line":136,"column":8},"end":{"line":136,"column":38}},"type":"binary-expr","locations":[{"start":{"line":136,"column":8},"end":{"line":136,"column":19}},{"start":{"line":136,"column":19},"end":{"line":136,"column":38}}],"line":136},"10":{"loc":{"start":{"line":143,"column":19},"end":{"line":143,"column":42}},"type":"binary-expr","locations":[{"start":{"line":143,"column":19},"end":{"line":143,"column":36}},{"start":{"line":143,"column":40},"end":{"line":143,"column":42}}],"line":143},"11":{"loc":{"start":{"line":144,"column":4},"end":{"line":145,"column":null}},"type":"if","locations":[{"start":{"line":144,"column":4},"end":{"line":145,"column":null}},{"start":{},"end":{}}],"line":144},"12":{"loc":{"start":{"line":153,"column":4},"end":{"line":154,"column":null}},"type":"if","locations":[{"start":{"line":153,"column":4},"end":{"line":154,"column":null}},{"start":{},"end":{}}],"line":153},"13":{"loc":{"start":{"line":153,"column":8},"end":{"line":153,"column":38}},"type":"binary-expr","locations":[{"start":{"line":153,"column":8},"end":{"line":153,"column":19}},{"start":{"line":153,"column":19},"end":{"line":153,"column":38}}],"line":153},"14":{"loc":{"start":{"line":161,"column":19},"end":{"line":161,"column":42}},"type":"binary-expr","locations":[{"start":{"line":161,"column":19},"end":{"line":161,"column":36}},{"start":{"line":161,"column":40},"end":{"line":161,"column":42}}],"line":161},"15":{"loc":{"start":{"line":162,"column":4},"end":{"line":163,"column":null}},"type":"if","locations":[{"start":{"line":162,"column":4},"end":{"line":163,"column":null}},{"start":{},"end":{}}],"line":162},"16":{"loc":{"start":{"line":165,"column":4},"end":{"line":166,"column":null}},"type":"if","locations":[{"start":{"line":165,"column":4},"end":{"line":166,"column":null}},{"start":{},"end":{}}],"line":165},"17":{"loc":{"start":{"line":168,"column":4},"end":{"line":169,"column":null}},"type":"if","locations":[{"start":{"line":168,"column":4},"end":{"line":169,"column":null}},{"start":{},"end":{}}],"line":168},"18":{"loc":{"start":{"line":176,"column":4},"end":{"line":177,"column":null}},"type":"if","locations":[{"start":{"line":176,"column":4},"end":{"line":177,"column":null}},{"start":{},"end":{}}],"line":176},"19":{"loc":{"start":{"line":176,"column":8},"end":{"line":176,"column":59}},"type":"binary-expr","locations":[{"start":{"line":176,"column":8},"end":{"line":176,"column":28}},{"start":{"line":176,"column":28},"end":{"line":176,"column":59}}],"line":176},"20":{"loc":{"start":{"line":191,"column":6},"end":{"line":201,"column":null}},"type":"if","locations":[{"start":{"line":191,"column":6},"end":{"line":201,"column":null}},{"start":{},"end":{}}],"line":191},"21":{"loc":{"start":{"line":194,"column":10},"end":{"line":194,"column":null}},"type":"if","locations":[{"start":{"line":194,"column":10},"end":{"line":194,"column":null}},{"start":{},"end":{}}],"line":194},"22":{"loc":{"start":{"line":197,"column":10},"end":{"line":201,"column":null}},"type":"if","locations":[{"start":{"line":197,"column":10},"end":{"line":201,"column":null}},{"start":{},"end":{}}],"line":197},"23":{"loc":{"start":{"line":197,"column":14},"end":{"line":197,"column":56}},"type":"binary-expr","locations":[{"start":{"line":197,"column":14},"end":{"line":197,"column":27}},{"start":{"line":197,"column":31},"end":{"line":197,"column":56}}],"line":197},"24":{"loc":{"start":{"line":219,"column":6},"end":{"line":220,"column":null}},"type":"if","locations":[{"start":{"line":219,"column":6},"end":{"line":220,"column":null}},{"start":{},"end":{}}],"line":219},"25":{"loc":{"start":{"line":223,"column":6},"end":{"line":224,"column":null}},"type":"if","locations":[{"start":{"line":223,"column":6},"end":{"line":224,"column":null}},{"start":{},"end":{}}],"line":223},"26":{"loc":{"start":{"line":231,"column":6},"end":{"line":234,"column":null}},"type":"if","locations":[{"start":{"line":231,"column":6},"end":{"line":234,"column":null}},{"start":{},"end":{}}],"line":231},"27":{"loc":{"start":{"line":231,"column":10},"end":{"line":231,"column":53}},"type":"binary-expr","locations":[{"start":{"line":231,"column":10},"end":{"line":231,"column":26}},{"start":{"line":231,"column":26},"end":{"line":231,"column":53}}],"line":231}},"s":{"0":1,"1":1,"2":16,"3":16,"4":16,"5":16,"6":16,"7":28,"8":28,"9":10,"10":6,"11":1,"12":2,"13":11,"14":1,"15":10,"16":10,"17":10,"18":0,"19":0,"20":0,"21":0,"22":0,"23":10,"24":0,"25":0,"26":9,"27":1,"28":0,"29":1,"30":9,"31":9,"32":9,"33":9,"34":0,"35":0,"36":1,"37":2,"38":1,"39":1,"40":1,"41":1,"42":1,"43":1,"44":2,"45":1,"46":1,"47":1,"48":1,"49":1,"50":1,"51":1,"52":1,"53":3,"54":3,"55":0,"56":3,"57":2,"58":2,"59":1,"60":2,"61":2,"62":1,"63":1,"64":0,"65":1,"66":1,"67":1,"68":1,"69":0,"70":1,"71":0,"72":1,"73":0,"74":1,"75":1,"76":2,"77":0,"78":2,"79":2,"80":2,"81":2,"82":2,"83":2,"84":2,"85":2,"86":3,"87":2,"88":1,"89":1,"90":1,"91":1,"92":2,"93":2,"94":0,"95":0,"96":1,"97":1,"98":1,"99":1,"100":0,"101":1,"102":0,"103":1,"104":1,"105":1,"106":1,"107":1,"108":1,"109":1,"110":1,"111":0,"112":0,"113":1},"f":{"0":16,"1":16,"2":1,"3":2,"4":11,"5":9,"6":1,"7":2,"8":2,"9":3,"10":2,"11":1,"12":1,"13":2,"14":1},"b":{"0":[16,2,0],"1":[10,18],"2":[1,10],"3":[0,10],"4":[1,8],"5":[0,1],"6":[1,1],"7":[1,1],"8":[0,3],"9":[3,3],"10":[2,0],"11":[1,1],"12":[0,1],"13":[1,1],"14":[1,0],"15":[0,1],"16":[0,1],"17":[0,1],"18":[0,2],"19":[2,2],"20":[2,0],"21":[2,1],"22":[1,0],"23":[1,1],"24":[0,1],"25":[0,1],"26":[1,0],"27":[1,1]},"meta":{"lastBranch":28,"lastFunction":15,"lastStatement":114,"seen":{"s:30:52:34:Infinity":0,"s:36:29:36:Infinity":1,"s:41:41:41:Infinity":2,"f:43:2:43:14":0,"s:44:21:44:Infinity":3,"s:45:4:45:Infinity":4,"b:45:21:45:34:45:34:45:67:45:67:45:103":0,"s:46:4:46:Infinity":5,"f:49:2:49:10":1,"s:50:4:53:Infinity":6,"s:51:23:51:54":7,"b:52:6:53:Infinity:undefined:undefined:undefined:undefined":1,"s:52:6:53:Infinity":8,"s:53:8:53:Infinity":9,"s:56:4:56:Infinity":10,"f:59:2:59:9":2,"s:60:4:60:Infinity":11,"f:63:2:63:9":3,"s:64:4:64:Infinity":12,"f:67:2:67:9":4,"b:68:4:69:Infinity:undefined:undefined:undefined:undefined":2,"s:68:4:69:Infinity":13,"s:69:6:69:Infinity":14,"s:72:4:84:Infinity":15,"s:73:22:73:62":16,"b:74:6:79:Infinity:undefined:undefined:undefined:undefined":3,"s:74:6:79:Infinity":17,"s:75:19:75:32":18,"s:76:23:76:38":19,"s:77:23:77:67":20,"s:78:8:78:Infinity":21,"s:79:8:79:Infinity":22,"s:81:6:81:Infinity":23,"s:83:6:83:Infinity":24,"s:84:6:84:Infinity":25,"f:88:2:88:9":5,"b:89:4:93:Infinity:undefined:undefined:undefined:undefined":4,"s:89:4:93:Infinity":26,"b:90:6:91:Infinity:undefined:undefined:undefined:undefined":5,"s:90:6:91:Infinity":27,"s:91:8:91:Infinity":28,"s:93:6:93:Infinity":29,"s:96:4:102:Infinity":30,"s:97:22:97:53":31,"s:98:6:98:Infinity":32,"s:99:6:99:Infinity":33,"s:101:6:101:Infinity":34,"s:102:6:102:Infinity":35,"f:106:2:106:9":6,"s:107:4:107:Infinity":36,"f:110:2:110:9":7,"b:111:4:112:Infinity:undefined:undefined:undefined:undefined":6,"s:111:4:112:Infinity":37,"s:112:6:112:Infinity":38,"s:114:15:114:37":39,"s:115:19:115:79":40,"s:116:20:116:56":41,"s:117:4:117:Infinity":42,"s:118:4:118:Infinity":43,"f:121:2:121:9":8,"b:122:4:123:Infinity:undefined:undefined:undefined:undefined":7,"s:122:4:123:Infinity":44,"s:123:6:123:Infinity":45,"s:125:18:125:38":46,"s:126:15:126:43":47,"s:127:26:127:Infinity":48,"s:128:21:128:83":49,"s:129:20:129:65":50,"s:130:4:130:Infinity":51,"s:131:4:131:Infinity":52,"f:134:2:134:9":9,"s:135:19:135:36":53,"b:136:4:137:Infinity:undefined:undefined:undefined:undefined":8,"s:136:4:137:Infinity":54,"b:136:8:136:19:136:19:136:38":9,"s:137:6:137:Infinity":55,"s:139:4:139:Infinity":56,"f:142:2:142:9":10,"s:143:19:143:42":57,"b:143:19:143:36:143:40:143:42":10,"b:144:4:145:Infinity:undefined:undefined:undefined:undefined":11,"s:144:4:145:Infinity":58,"s:145:6:145:Infinity":59,"s:147:4:147:Infinity":60,"s:148:4:148:Infinity":61,"f:151:2:151:9":11,"s:152:19:152:36":62,"b:153:4:154:Infinity:undefined:undefined:undefined:undefined":12,"s:153:4:154:Infinity":63,"b:153:8:153:19:153:19:153:38":13,"s:154:6:154:Infinity":64,"s:156:4:156:Infinity":65,"s:157:4:157:Infinity":66,"f:160:2:160:9":12,"s:161:19:161:42":67,"b:161:19:161:36:161:40:161:42":14,"b:162:4:163:Infinity:undefined:undefined:undefined:undefined":15,"s:162:4:163:Infinity":68,"s:163:6:163:Infinity":69,"b:165:4:166:Infinity:undefined:undefined:undefined:undefined":16,"s:165:4:166:Infinity":70,"s:166:6:166:Infinity":71,"b:168:4:169:Infinity:undefined:undefined:undefined:undefined":17,"s:168:4:169:Infinity":72,"s:169:6:169:Infinity":73,"s:171:4:171:Infinity":74,"s:172:4:172:Infinity":75,"f:175:2:175:9":13,"b:176:4:177:Infinity:undefined:undefined:undefined:undefined":18,"s:176:4:177:Infinity":76,"b:176:8:176:28:176:28:176:59":19,"s:177:6:177:Infinity":77,"s:180:4:210:Infinity":78,"s:181:22:181:62":79,"s:182:21:182:40":80,"s:183:21:188:Infinity":81,"s:190:24:190:Infinity":82,"b:191:6:201:Infinity:undefined:undefined:undefined:undefined":20,"s:191:6:201:Infinity":83,"s:192:22:192:47":84,"s:193:8:201:Infinity":85,"b:194:10:194:Infinity:undefined:undefined:undefined:undefined":21,"s:194:10:194:Infinity":86,"s:194:56:194:Infinity":87,"s:195:27:195:53":88,"s:196:23:196:44":89,"b:197:10:201:Infinity:undefined:undefined:undefined:undefined":22,"s:197:10:201:Infinity":90,"b:197:14:197:27:197:31:197:56":23,"s:198:12:201:Infinity":91,"s:206:6:206:Infinity":92,"s:207:6:207:Infinity":93,"s:209:6:209:Infinity":94,"s:210:6:210:Infinity":95,"f:214:2:214:9":14,"s:215:4:241:Infinity":96,"s:216:22:216:57":97,"s:217:21:217:40":98,"b:219:6:220:Infinity:undefined:undefined:undefined:undefined":24,"s:219:6:220:Infinity":99,"s:220:8:220:Infinity":100,"b:223:6:224:Infinity:undefined:undefined:undefined:undefined":25,"s:223:6:224:Infinity":101,"s:224:8:224:Infinity":102,"s:227:25:227:65":103,"s:228:6:228:Infinity":104,"s:229:6:229:Infinity":105,"b:231:6:234:Infinity:undefined:undefined:undefined:undefined":26,"s:231:6:234:Infinity":106,"b:231:10:231:26:231:26:231:53":27,"s:232:8:234:Infinity":107,"s:233:27:233:63":108,"s:234:10:234:Infinity":109,"s:238:6:238:Infinity":110,"s:240:6:240:Infinity":111,"s:241:6:241:Infinity":112,"s:246:49:274:Infinity":113}}}
,"D:\\AI\\ClawTools\\clawtools\\core\\detector.ts": {"path":"D:\\AI\\ClawTools\\clawtools\\core\\detector.ts","statementMap":{"0":{"start":{"line":29,"column":55},"end":{"line":42,"column":null}},"1":{"start":{"line":44,"column":30},"end":{"line":44,"column":null}},"2":{"start":{"line":47,"column":19},"end":{"line":47,"column":null}},"3":{"start":{"line":48,"column":2},"end":{"line":52,"column":null}},"4":{"start":{"line":49,"column":4},"end":{"line":50,"column":null}},"5":{"start":{"line":50,"column":6},"end":{"line":50,"column":null}},"6":{"start":{"line":52,"column":4},"end":{"line":52,"column":null}},"7":{"start":{"line":54,"column":2},"end":{"line":54,"column":null}},"8":{"start":{"line":54,"column":29},"end":{"line":54,"column":null}},"9":{"start":{"line":55,"column":2},"end":{"line":55,"column":null}},"10":{"start":{"line":59,"column":2},"end":{"line":78,"column":null}},"11":{"start":{"line":60,"column":10},"end":{"line":60,"column":75}},"12":{"start":{"line":61,"column":10},"end":{"line":61,"column":120}},"13":{"start":{"line":63,"column":19},"end":{"line":63,"column":36}},"14":{"start":{"line":64,"column":29},"end":{"line":64,"column":58}},"15":{"start":{"line":66,"column":4},"end":{"line":71,"column":null}},"16":{"start":{"line":73,"column":4},"end":{"line":78,"column":null}},"17":{"start":{"line":83,"column":2},"end":{"line":104,"column":null}},"18":{"start":{"line":84,"column":4},"end":{"line":104,"column":null}},"19":{"start":{"line":85,"column":6},"end":{"line":104,"column":null}},"20":{"start":{"line":86,"column":27},"end":{"line":86,"column":47}},"21":{"start":{"line":87,"column":8},"end":{"line":104,"column":null}},"22":{"start":{"line":88,"column":10},"end":{"line":104,"column":null}},"23":{"start":{"line":89,"column":18},"end":{"line":89,"column":102}},"24":{"start":{"line":90,"column":12},"end":{"line":96,"column":null}},"25":{"start":{"line":98,"column":12},"end":{"line":104,"column":null}},"26":{"start":{"line":111,"column":2},"end":{"line":127,"column":null}},"27":{"start":{"line":112,"column":10},"end":{"line":112,"column":94}},"28":{"start":{"line":113,"column":4},"end":{"line":119,"column":null}},"29":{"start":{"line":121,"column":4},"end":{"line":127,"column":null}},"30":{"start":{"line":132,"column":19},"end":{"line":132,"column":32}},"31":{"start":{"line":133,"column":21},"end":{"line":133,"column":null}},"32":{"start":{"line":135,"column":2},"end":{"line":141,"column":null}},"33":{"start":{"line":145,"column":2},"end":{"line":169,"column":null}},"34":{"start":{"line":146,"column":4},"end":{"line":167,"column":null}},"35":{"start":{"line":147,"column":6},"end":{"line":154,"column":null}},"36":{"start":{"line":148,"column":8},"end":{"line":150,"column":null}},"37":{"start":{"line":149,"column":10},"end":{"line":149,"column":null}},"38":{"start":{"line":150,"column":10},"end":{"line":150,"column":null}},"39":{"start":{"line":152,"column":24},"end":{"line":152,"column":45}},"40":{"start":{"line":153,"column":8},"end":{"line":153,"column":null}},"41":{"start":{"line":155,"column":15},"end":{"line":167,"column":null}},"42":{"start":{"line":156,"column":6},"end":{"line":158,"column":null}},"43":{"start":{"line":157,"column":8},"end":{"line":157,"column":null}},"44":{"start":{"line":160,"column":6},"end":{"line":167,"column":null}},"45":{"start":{"line":161,"column":8},"end":{"line":163,"column":null}},"46":{"start":{"line":162,"column":10},"end":{"line":162,"column":null}},"47":{"start":{"line":163,"column":10},"end":{"line":163,"column":null}},"48":{"start":{"line":165,"column":24},"end":{"line":165,"column":49}},"49":{"start":{"line":166,"column":8},"end":{"line":166,"column":null}},"50":{"start":{"line":173,"column":2},"end":{"line":179,"column":null}},"51":{"start":{"line":174,"column":18},"end":{"line":174,"column":39}},"52":{"start":{"line":175,"column":4},"end":{"line":178,"column":null}},"53":{"start":{"line":176,"column":26},"end":{"line":176,"column":36}},"54":{"start":{"line":177,"column":38},"end":{"line":177,"column":54}},"55":{"start":{"line":178,"column":19},"end":{"line":178,"column":32}},"56":{"start":{"line":183,"column":2},"end":{"line":201,"column":null}},"57":{"start":{"line":184,"column":16},"end":{"line":184,"column":30}},"58":{"start":{"line":185,"column":19},"end":{"line":185,"column":35}},"59":{"start":{"line":187,"column":4},"end":{"line":190,"column":null}},"60":{"start":{"line":188,"column":6},"end":{"line":188,"column":null}},"61":{"start":{"line":189,"column":6},"end":{"line":189,"column":null}},"62":{"start":{"line":192,"column":4},"end":{"line":195,"column":null}},"63":{"start":{"line":193,"column":6},"end":{"line":193,"column":null}},"64":{"start":{"line":194,"column":6},"end":{"line":194,"column":null}},"65":{"start":{"line":197,"column":4},"end":{"line":200,"column":null}},"66":{"start":{"line":198,"column":6},"end":{"line":198,"column":null}},"67":{"start":{"line":199,"column":6},"end":{"line":199,"column":null}}},"fnMap":{"0":{"name":"getPlatform","decl":{"start":{"line":46,"column":9},"end":{"line":46,"column":47}},"loc":{"start":{"line":46,"column":47},"end":{"line":55,"column":null}},"line":46},"1":{"name":"detectNode","decl":{"start":{"line":58,"column":9},"end":{"line":58,"column":32}},"loc":{"start":{"line":58,"column":32},"end":{"line":78,"column":null}},"line":58},"2":{"name":"detectOpenClaw","decl":{"start":{"line":82,"column":9},"end":{"line":82,"column":24}},"loc":{"start":{"line":82,"column":60},"end":{"line":127,"column":null}},"line":82},"3":{"name":"detectSystem","decl":{"start":{"line":131,"column":16},"end":{"line":131,"column":43}},"loc":{"start":{"line":131,"column":43},"end":{"line":141,"column":null}},"line":131},"4":{"name":"checkFirewall","decl":{"start":{"line":144,"column":16},"end":{"line":144,"column":80}},"loc":{"start":{"line":144,"column":80},"end":{"line":169,"column":null}},"line":144},"5":{"name":"(anonymous_5)","decl":{"start":{"line":145,"column":13},"end":{"line":145,"column":22}},"loc":{"start":{"line":145,"column":34},"end":{"line":169,"column":null}},"line":145},"6":{"name":"(anonymous_6)","decl":{"start":{"line":147,"column":75},"end":{"line":147,"column":78}},"loc":{"start":{"line":147,"column":94},"end":{"line":154,"column":null}},"line":147},"7":{"name":"(anonymous_7)","decl":{"start":{"line":156,"column":105},"end":{"line":156,"column":108}},"loc":{"start":{"line":156,"column":116},"end":{"line":158,"column":null}},"line":156},"8":{"name":"(anonymous_8)","decl":{"start":{"line":160,"column":45},"end":{"line":160,"column":48}},"loc":{"start":{"line":160,"column":64},"end":{"line":167,"column":null}},"line":160},"9":{"name":"checkPublicIP","decl":{"start":{"line":172,"column":16},"end":{"line":172,"column":56}},"loc":{"start":{"line":172,"column":56},"end":{"line":179,"column":null}},"line":172},"10":{"name":"(anonymous_10)","decl":{"start":{"line":173,"column":13},"end":{"line":173,"column":22}},"loc":{"start":{"line":173,"column":34},"end":{"line":179,"column":null}},"line":173},"11":{"name":"(anonymous_11)","decl":{"start":{"line":176,"column":7},"end":{"line":176,"column":13}},"loc":{"start":{"line":176,"column":26},"end":{"line":176,"column":36}},"line":176},"12":{"name":"(anonymous_12)","decl":{"start":{"line":177,"column":7},"end":{"line":177,"column":13}},"loc":{"start":{"line":177,"column":38},"end":{"line":177,"column":54}},"line":177},"13":{"name":"(anonymous_13)","decl":{"start":{"line":178,"column":7},"end":{"line":178,"column":19}},"loc":{"start":{"line":178,"column":19},"end":{"line":178,"column":32}},"line":178},"14":{"name":"detectPorts","decl":{"start":{"line":182,"column":22},"end":{"line":182,"column":34}},"loc":{"start":{"line":182,"column":74},"end":{"line":201,"column":null}},"line":182},"15":{"name":"(anonymous_15)","decl":{"start":{"line":183,"column":13},"end":{"line":183,"column":22}},"loc":{"start":{"line":183,"column":34},"end":{"line":201,"column":null}},"line":183},"16":{"name":"(anonymous_16)","decl":{"start":{"line":187,"column":25},"end":{"line":187,"column":44}},"loc":{"start":{"line":187,"column":44},"end":{"line":190,"column":null}},"line":187},"17":{"name":"(anonymous_17)","decl":{"start":{"line":192,"column":14},"end":{"line":192,"column":29}},"loc":{"start":{"line":192,"column":29},"end":{"line":195,"column":null}},"line":192},"18":{"name":"(anonymous_18)","decl":{"start":{"line":197,"column":22},"end":{"line":197,"column":34}},"loc":{"start":{"line":197,"column":34},"end":{"line":200,"column":null}},"line":197}},"branchMap":{"0":{"loc":{"start":{"line":48,"column":2},"end":{"line":52,"column":null}},"type":"if","locations":[{"start":{"line":48,"column":2},"end":{"line":52,"column":null}},{"start":{},"end":{}}],"line":48},"1":{"loc":{"start":{"line":49,"column":4},"end":{"line":50,"column":null}},"type":"if","locations":[{"start":{"line":49,"column":4},"end":{"line":50,"column":null}},{"start":{},"end":{}}],"line":49},"2":{"loc":{"start":{"line":49,"column":8},"end":{"line":49,"column":76}},"type":"binary-expr","locations":[{"start":{"line":49,"column":8},"end":{"line":49,"column":39}},{"start":{"line":49,"column":39},"end":{"line":49,"column":76}}],"line":49},"3":{"loc":{"start":{"line":54,"column":2},"end":{"line":54,"column":null}},"type":"if","locations":[{"start":{"line":54,"column":2},"end":{"line":54,"column":null}},{"start":{},"end":{}}],"line":54},"4":{"loc":{"start":{"line":61,"column":32},"end":{"line":61,"column":92}},"type":"cond-expr","locations":[{"start":{"line":61,"column":63},"end":{"line":61,"column":78}},{"start":{"line":61,"column":78},"end":{"line":61,"column":92}}],"line":61},"5":{"loc":{"start":{"line":84,"column":4},"end":{"line":104,"column":null}},"type":"if","locations":[{"start":{"line":84,"column":4},"end":{"line":104,"column":null}},{"start":{},"end":{}}],"line":84},"6":{"loc":{"start":{"line":87,"column":8},"end":{"line":104,"column":null}},"type":"if","locations":[{"start":{"line":87,"column":8},"end":{"line":104,"column":null}},{"start":{},"end":{}}],"line":87},"7":{"loc":{"start":{"line":93,"column":29},"end":{"line":93,"column":97}},"type":"cond-expr","locations":[{"start":{"line":93,"column":60},"end":{"line":93,"column":79}},{"start":{"line":93,"column":79},"end":{"line":93,"column":97}}],"line":93},"8":{"loc":{"start":{"line":116,"column":21},"end":{"line":116,"column":89}},"type":"cond-expr","locations":[{"start":{"line":116,"column":52},"end":{"line":116,"column":71}},{"start":{"line":116,"column":71},"end":{"line":116,"column":89}}],"line":116},"9":{"loc":{"start":{"line":133,"column":21},"end":{"line":133,"column":null}},"type":"binary-expr","locations":[{"start":{"line":133,"column":21},"end":{"line":133,"column":55}},{"start":{"line":133,"column":55},"end":{"line":133,"column":null}}],"line":133},"10":{"loc":{"start":{"line":146,"column":4},"end":{"line":167,"column":null}},"type":"if","locations":[{"start":{"line":146,"column":4},"end":{"line":167,"column":null}},{"start":{"line":155,"column":15},"end":{"line":167,"column":null}}],"line":146},"11":{"loc":{"start":{"line":148,"column":8},"end":{"line":150,"column":null}},"type":"if","locations":[{"start":{"line":148,"column":8},"end":{"line":150,"column":null}},{"start":{},"end":{}}],"line":148},"12":{"loc":{"start":{"line":155,"column":15},"end":{"line":167,"column":null}},"type":"if","locations":[{"start":{"line":155,"column":15},"end":{"line":167,"column":null}},{"start":{"line":159,"column":11},"end":{"line":167,"column":null}}],"line":155},"13":{"loc":{"start":{"line":161,"column":8},"end":{"line":163,"column":null}},"type":"if","locations":[{"start":{"line":161,"column":8},"end":{"line":163,"column":null}},{"start":{},"end":{}}],"line":161},"14":{"loc":{"start":{"line":182,"column":34},"end":{"line":182,"column":74}},"type":"default-arg","locations":[{"start":{"line":182,"column":49},"end":{"line":182,"column":74}}],"line":182}},"s":{"0":1,"1":1,"2":1,"3":1,"4":1,"5":0,"6":1,"7":0,"8":0,"9":0,"10":1,"11":1,"12":1,"13":1,"14":1,"15":1,"16":1,"17":1,"18":2,"19":1,"20":3,"21":3,"22":0,"23":0,"24":0,"25":0,"26":1,"27":1,"28":1,"29":1,"30":1,"31":1,"32":1,"33":0,"34":0,"35":0,"36":0,"37":0,"38":0,"39":0,"40":0,"41":0,"42":0,"43":0,"44":0,"45":0,"46":0,"47":0,"48":0,"49":0,"50":1,"51":1,"52":1,"53":1,"54":1,"55":0,"56":1,"57":1,"58":1,"59":1,"60":0,"61":0,"62":1,"63":1,"64":1,"65":1,"66":0,"67":0},"f":{"0":1,"1":1,"2":1,"3":1,"4":0,"5":0,"6":0,"7":0,"8":0,"9":1,"10":1,"11":1,"12":1,"13":0,"14":1,"15":1,"16":0,"17":1,"18":0},"b":{"0":[1,0],"1":[0,1],"2":[1,1],"3":[0,0],"4":[0,0],"5":[1,1],"6":[0,3],"7":[0,0],"8":[0,0],"9":[1,1],"10":[0,0],"11":[0,0],"12":[0,0],"13":[0,0],"14":[1]},"meta":{"lastBranch":15,"lastFunction":19,"lastStatement":68,"seen":{"s:29:55:42:Infinity":0,"s:44:30:44:Infinity":1,"f:46:9:46:47":0,"s:47:19:47:Infinity":2,"b:48:2:52:Infinity:undefined:undefined:undefined:undefined":0,"s:48:2:52:Infinity":3,"b:49:4:50:Infinity:undefined:undefined:undefined:undefined":1,"s:49:4:50:Infinity":4,"b:49:8:49:39:49:39:49:76":2,"s:50:6:50:Infinity":5,"s:52:4:52:Infinity":6,"b:54:2:54:Infinity:undefined:undefined:undefined:undefined":3,"s:54:2:54:Infinity":7,"s:54:29:54:Infinity":8,"s:55:2:55:Infinity":9,"f:58:9:58:32":1,"s:59:2:78:Infinity":10,"s:60:10:60:75":11,"s:61:10:61:120":12,"b:61:63:61:78:61:78:61:92":4,"s:63:19:63:36":13,"s:64:29:64:58":14,"s:66:4:71:Infinity":15,"s:73:4:78:Infinity":16,"f:82:9:82:24":2,"s:83:2:104:Infinity":17,"b:84:4:104:Infinity:undefined:undefined:undefined:undefined":5,"s:84:4:104:Infinity":18,"s:85:6:104:Infinity":19,"s:86:27:86:47":20,"b:87:8:104:Infinity:undefined:undefined:undefined:undefined":6,"s:87:8:104:Infinity":21,"s:88:10:104:Infinity":22,"s:89:18:89:102":23,"s:90:12:96:Infinity":24,"b:93:60:93:79:93:79:93:97":7,"s:98:12:104:Infinity":25,"s:111:2:127:Infinity":26,"s:112:10:112:94":27,"s:113:4:119:Infinity":28,"b:116:52:116:71:116:71:116:89":8,"s:121:4:127:Infinity":29,"f:131:16:131:43":3,"s:132:19:132:32":30,"s:133:21:133:Infinity":31,"b:133:21:133:55:133:55:133:Infinity":9,"s:135:2:141:Infinity":32,"f:144:16:144:80":4,"s:145:2:169:Infinity":33,"f:145:13:145:22":5,"b:146:4:167:Infinity:155:15:167:Infinity":10,"s:146:4:167:Infinity":34,"s:147:6:154:Infinity":35,"f:147:75:147:78":6,"b:148:8:150:Infinity:undefined:undefined:undefined:undefined":11,"s:148:8:150:Infinity":36,"s:149:10:149:Infinity":37,"s:150:10:150:Infinity":38,"s:152:24:152:45":39,"s:153:8:153:Infinity":40,"b:155:15:167:Infinity:159:11:167:Infinity":12,"s:155:15:167:Infinity":41,"s:156:6:158:Infinity":42,"f:156:105:156:108":7,"s:157:8:157:Infinity":43,"s:160:6:167:Infinity":44,"f:160:45:160:48":8,"b:161:8:163:Infinity:undefined:undefined:undefined:undefined":13,"s:161:8:163:Infinity":45,"s:162:10:162:Infinity":46,"s:163:10:163:Infinity":47,"s:165:24:165:49":48,"s:166:8:166:Infinity":49,"f:172:16:172:56":9,"s:173:2:179:Infinity":50,"f:173:13:173:22":10,"s:174:18:174:39":51,"s:175:4:178:Infinity":52,"f:176:7:176:13":11,"s:176:26:176:36":53,"f:177:7:177:13":12,"s:177:38:177:54":54,"f:178:7:178:19":13,"s:178:19:178:32":55,"f:182:22:182:34":14,"b:182:49:182:74":14,"s:183:2:201:Infinity":56,"f:183:13:183:22":15,"s:184:16:184:30":57,"s:185:19:185:35":58,"s:187:4:190:Infinity":59,"f:187:25:187:44":16,"s:188:6:188:Infinity":60,"s:189:6:189:Infinity":61,"s:192:4:195:Infinity":62,"f:192:14:192:29":17,"s:193:6:193:Infinity":63,"s:194:6:194:Infinity":64,"s:197:4:200:Infinity":65,"f:197:22:197:34":18,"s:198:6:198:Infinity":66,"s:199:6:199:Infinity":67}}}
,"D:\\AI\\ClawTools\\clawtools\\core\\doctor.ts": {"path":"D:\\AI\\ClawTools\\clawtools\\core\\doctor.ts","statementMap":{"0":{"start":{"line":31,"column":36},"end":{"line":31,"column":38}},"1":{"start":{"line":34,"column":4},"end":{"line":34,"column":null}},"2":{"start":{"line":36,"column":4},"end":{"line":36,"column":null}},"3":{"start":{"line":37,"column":4},"end":{"line":37,"column":null}},"4":{"start":{"line":38,"column":4},"end":{"line":38,"column":null}},"5":{"start":{"line":39,"column":4},"end":{"line":39,"column":null}},"6":{"start":{"line":40,"column":4},"end":{"line":40,"column":null}},"7":{"start":{"line":41,"column":4},"end":{"line":41,"column":null}},"8":{"start":{"line":42,"column":4},"end":{"line":42,"column":null}},"9":{"start":{"line":44,"column":4},"end":{"line":44,"column":null}},"10":{"start":{"line":48,"column":4},"end":{"line":81,"column":null}},"11":{"start":{"line":49,"column":12},"end":{"line":49,"column":77}},"12":{"start":{"line":50,"column":21},"end":{"line":50,"column":38}},"13":{"start":{"line":52,"column":6},"end":{"line":70,"column":null}},"14":{"start":{"line":53,"column":8},"end":{"line":61,"column":null}},"15":{"start":{"line":63,"column":8},"end":{"line":70,"column":null}},"16":{"start":{"line":73,"column":6},"end":{"line":81,"column":null}},"17":{"start":{"line":86,"column":4},"end":{"line":105,"column":null}},"18":{"start":{"line":87,"column":12},"end":{"line":87,"column":96}},"19":{"start":{"line":88,"column":6},"end":{"line":95,"column":null}},"20":{"start":{"line":97,"column":6},"end":{"line":105,"column":null}},"21":{"start":{"line":110,"column":4},"end":{"line":141,"column":null}},"22":{"start":{"line":111,"column":12},"end":{"line":111,"column":93}},"23":{"start":{"line":112,"column":6},"end":{"line":130,"column":null}},"24":{"start":{"line":113,"column":8},"end":{"line":120,"column":null}},"25":{"start":{"line":122,"column":8},"end":{"line":130,"column":null}},"26":{"start":{"line":133,"column":6},"end":{"line":141,"column":null}},"27":{"start":{"line":146,"column":21},"end":{"line":146,"column":42}},"28":{"start":{"line":148,"column":4},"end":{"line":167,"column":null}},"29":{"start":{"line":149,"column":6},"end":{"line":167,"column":null}},"30":{"start":{"line":150,"column":8},"end":{"line":157,"column":null}},"31":{"start":{"line":159,"column":8},"end":{"line":167,"column":null}},"32":{"start":{"line":173,"column":15},"end":{"line":173,"column":36}},"33":{"start":{"line":175,"column":4},"end":{"line":193,"column":null}},"34":{"start":{"line":176,"column":6},"end":{"line":184,"column":null}},"35":{"start":{"line":186,"column":6},"end":{"line":193,"column":null}},"36":{"start":{"line":198,"column":22},"end":{"line":198,"column":46}},"37":{"start":{"line":199,"column":21},"end":{"line":199,"column":44}},"38":{"start":{"line":201,"column":4},"end":{"line":218,"column":null}},"39":{"start":{"line":202,"column":6},"end":{"line":209,"column":null}},"40":{"start":{"line":211,"column":6},"end":{"line":218,"column":null}},"41":{"start":{"line":221,"column":4},"end":{"line":229,"column":null}},"42":{"start":{"line":222,"column":6},"end":{"line":229,"column":null}},"43":{"start":{"line":234,"column":20},"end":{"line":234,"column":null}},"44":{"start":{"line":236,"column":4},"end":{"line":247,"column":null}},"45":{"start":{"line":237,"column":20},"end":{"line":237,"column":null}},"46":{"start":{"line":238,"column":6},"end":{"line":247,"column":null}},"47":{"start":{"line":239,"column":29},"end":{"line":239,"column":null}},"48":{"start":{"line":240,"column":8},"end":{"line":247,"column":null}},"49":{"start":{"line":251,"column":22},"end":{"line":251,"column":58}},"50":{"start":{"line":252,"column":4},"end":{"line":270,"column":null}},"51":{"start":{"line":253,"column":6},"end":{"line":260,"column":null}},"52":{"start":{"line":262,"column":6},"end":{"line":270,"column":null}},"53":{"start":{"line":275,"column":4},"end":{"line":275,"column":null}},"54":{"start":{"line":279,"column":20},"end":{"line":284,"column":null}},"55":{"start":{"line":281,"column":37},"end":{"line":281,"column":57}},"56":{"start":{"line":282,"column":39},"end":{"line":282,"column":62}},"57":{"start":{"line":283,"column":37},"end":{"line":283,"column":57}},"58":{"start":{"line":286,"column":4},"end":{"line":290,"column":null}},"59":{"start":{"line":294,"column":4},"end":{"line":301,"column":null}},"60":{"start":{"line":295,"column":12},"end":{"line":295,"column":99}},"61":{"start":{"line":296,"column":6},"end":{"line":296,"column":null}},"62":{"start":{"line":298,"column":6},"end":{"line":299,"column":null}},"63":{"start":{"line":299,"column":8},"end":{"line":299,"column":null}},"64":{"start":{"line":301,"column":6},"end":{"line":301,"column":null}},"65":{"start":{"line":306,"column":22},"end":{"line":306,"column":34}}},"fnMap":{"0":{"name":"(anonymous_0)","decl":{"start":{"line":33,"column":8},"end":{"line":33,"column":41}},"loc":{"start":{"line":33,"column":41},"end":{"line":44,"column":null}},"line":33},"1":{"name":"(anonymous_1)","decl":{"start":{"line":47,"column":16},"end":{"line":47,"column":43}},"loc":{"start":{"line":47,"column":43},"end":{"line":81,"column":null}},"line":47},"2":{"name":"(anonymous_2)","decl":{"start":{"line":85,"column":16},"end":{"line":85,"column":47}},"loc":{"start":{"line":85,"column":47},"end":{"line":105,"column":null}},"line":85},"3":{"name":"(anonymous_3)","decl":{"start":{"line":109,"column":16},"end":{"line":109,"column":46}},"loc":{"start":{"line":109,"column":46},"end":{"line":141,"column":null}},"line":109},"4":{"name":"(anonymous_4)","decl":{"start":{"line":145,"column":16},"end":{"line":145,"column":47}},"loc":{"start":{"line":145,"column":47},"end":{"line":167,"column":null}},"line":145},"5":{"name":"(anonymous_5)","decl":{"start":{"line":172,"column":16},"end":{"line":172,"column":47}},"loc":{"start":{"line":172,"column":47},"end":{"line":193,"column":null}},"line":172},"6":{"name":"(anonymous_6)","decl":{"start":{"line":197,"column":16},"end":{"line":197,"column":44}},"loc":{"start":{"line":197,"column":44},"end":{"line":229,"column":null}},"line":197},"7":{"name":"(anonymous_7)","decl":{"start":{"line":233,"column":16},"end":{"line":233,"column":50}},"loc":{"start":{"line":233,"column":50},"end":{"line":270,"column":null}},"line":233},"8":{"name":"(anonymous_8)","decl":{"start":{"line":274,"column":2},"end":{"line":274,"column":10}},"loc":{"start":{"line":274,"column":46},"end":{"line":275,"column":null}},"line":274},"9":{"name":"(anonymous_9)","decl":{"start":{"line":278,"column":2},"end":{"line":278,"column":10}},"loc":{"start":{"line":278,"column":40},"end":{"line":290,"column":null}},"line":278},"10":{"name":"(anonymous_10)","decl":{"start":{"line":281,"column":25},"end":{"line":281,"column":32}},"loc":{"start":{"line":281,"column":37},"end":{"line":281,"column":57}},"line":281},"11":{"name":"(anonymous_11)","decl":{"start":{"line":282,"column":27},"end":{"line":282,"column":34}},"loc":{"start":{"line":282,"column":39},"end":{"line":282,"column":62}},"line":282},"12":{"name":"(anonymous_12)","decl":{"start":{"line":283,"column":25},"end":{"line":283,"column":32}},"loc":{"start":{"line":283,"column":37},"end":{"line":283,"column":57}},"line":283},"13":{"name":"(anonymous_13)","decl":{"start":{"line":293,"column":8},"end":{"line":293,"column":45}},"loc":{"start":{"line":293,"column":45},"end":{"line":301,"column":null}},"line":293}},"branchMap":{"0":{"loc":{"start":{"line":52,"column":6},"end":{"line":70,"column":null}},"type":"if","locations":[{"start":{"line":52,"column":6},"end":{"line":70,"column":null}},{"start":{"line":62,"column":13},"end":{"line":70,"column":null}}],"line":52},"1":{"loc":{"start":{"line":112,"column":6},"end":{"line":130,"column":null}},"type":"if","locations":[{"start":{"line":112,"column":6},"end":{"line":130,"column":null}},{"start":{"line":121,"column":13},"end":{"line":130,"column":null}}],"line":112},"2":{"loc":{"start":{"line":112,"column":10},"end":{"line":112,"column":65}},"type":"binary-expr","locations":[{"start":{"line":112,"column":10},"end":{"line":112,"column":36}},{"start":{"line":112,"column":40},"end":{"line":112,"column":65}}],"line":112},"3":{"loc":{"start":{"line":148,"column":4},"end":{"line":167,"column":null}},"type":"if","locations":[{"start":{"line":148,"column":4},"end":{"line":167,"column":null}},{"start":{},"end":{}}],"line":148},"4":{"loc":{"start":{"line":148,"column":8},"end":{"line":148,"column":70}},"type":"binary-expr","locations":[{"start":{"line":148,"column":8},"end":{"line":148,"column":40}},{"start":{"line":148,"column":40},"end":{"line":148,"column":70}}],"line":148},"5":{"loc":{"start":{"line":149,"column":6},"end":{"line":167,"column":null}},"type":"if","locations":[{"start":{"line":149,"column":6},"end":{"line":167,"column":null}},{"start":{"line":158,"column":13},"end":{"line":167,"column":null}}],"line":149},"6":{"loc":{"start":{"line":175,"column":4},"end":{"line":193,"column":null}},"type":"if","locations":[{"start":{"line":175,"column":4},"end":{"line":193,"column":null}},{"start":{"line":185,"column":11},"end":{"line":193,"column":null}}],"line":175},"7":{"loc":{"start":{"line":201,"column":4},"end":{"line":218,"column":null}},"type":"if","locations":[{"start":{"line":201,"column":4},"end":{"line":218,"column":null}},{"start":{"line":210,"column":11},"end":{"line":218,"column":null}}],"line":201},"8":{"loc":{"start":{"line":221,"column":4},"end":{"line":229,"column":null}},"type":"if","locations":[{"start":{"line":221,"column":4},"end":{"line":229,"column":null}},{"start":{},"end":{}}],"line":221},"9":{"loc":{"start":{"line":238,"column":6},"end":{"line":247,"column":null}},"type":"if","locations":[{"start":{"line":238,"column":6},"end":{"line":247,"column":null}},{"start":{},"end":{}}],"line":238},"10":{"loc":{"start":{"line":239,"column":29},"end":{"line":239,"column":null}},"type":"cond-expr","locations":[{"start":{"line":239,"column":55},"end":{"line":239,"column":65}},{"start":{"line":239,"column":65},"end":{"line":239,"column":null}}],"line":239},"11":{"loc":{"start":{"line":252,"column":4},"end":{"line":270,"column":null}},"type":"if","locations":[{"start":{"line":252,"column":4},"end":{"line":270,"column":null}},{"start":{"line":261,"column":11},"end":{"line":270,"column":null}}],"line":252},"12":{"loc":{"start":{"line":298,"column":6},"end":{"line":299,"column":null}},"type":"if","locations":[{"start":{"line":298,"column":6},"end":{"line":299,"column":null}},{"start":{},"end":{}}],"line":298}},"s":{"0":0,"1":0,"2":0,"3":0,"4":0,"5":0,"6":0,"7":0,"8":0,"9":0,"10":0,"11":0,"12":0,"13":0,"14":0,"15":0,"16":0,"17":0,"18":0,"19":0,"20":0,"21":0,"22":0,"23":0,"24":0,"25":0,"26":0,"27":0,"28":0,"29":0,"30":0,"31":0,"32":0,"33":0,"34":0,"35":0,"36":0,"37":0,"38":0,"39":0,"40":0,"41":0,"42":0,"43":0,"44":0,"45":0,"46":0,"47":0,"48":0,"49":0,"50":0,"51":0,"52":0,"53":0,"54":0,"55":0,"56":0,"57":0,"58":0,"59":0,"60":0,"61":0,"62":0,"63":0,"64":0,"65":0},"f":{"0":0,"1":0,"2":0,"3":0,"4":0,"5":0,"6":0,"7":0,"8":0,"9":0,"10":0,"11":0,"12":0,"13":0},"b":{"0":[0,0],"1":[0,0],"2":[0,0],"3":[0,0],"4":[0,0],"5":[0,0],"6":[0,0],"7":[0,0],"8":[0,0],"9":[0,0],"10":[0,0],"11":[0,0],"12":[0,0]},"meta":{"lastBranch":13,"lastFunction":14,"lastStatement":66,"seen":{"s:31:36:31:38":0,"f:33:8:33:41":0,"s:34:4:34:Infinity":1,"s:36:4:36:Infinity":2,"s:37:4:37:Infinity":3,"s:38:4:38:Infinity":4,"s:39:4:39:Infinity":5,"s:40:4:40:Infinity":6,"s:41:4:41:Infinity":7,"s:42:4:42:Infinity":8,"s:44:4:44:Infinity":9,"f:47:16:47:43":1,"s:48:4:81:Infinity":10,"s:49:12:49:77":11,"s:50:21:50:38":12,"b:52:6:70:Infinity:62:13:70:Infinity":0,"s:52:6:70:Infinity":13,"s:53:8:61:Infinity":14,"s:63:8:70:Infinity":15,"s:73:6:81:Infinity":16,"f:85:16:85:47":2,"s:86:4:105:Infinity":17,"s:87:12:87:96":18,"s:88:6:95:Infinity":19,"s:97:6:105:Infinity":20,"f:109:16:109:46":3,"s:110:4:141:Infinity":21,"s:111:12:111:93":22,"b:112:6:130:Infinity:121:13:130:Infinity":1,"s:112:6:130:Infinity":23,"b:112:10:112:36:112:40:112:65":2,"s:113:8:120:Infinity":24,"s:122:8:130:Infinity":25,"s:133:6:141:Infinity":26,"f:145:16:145:47":4,"s:146:21:146:42":27,"b:148:4:167:Infinity:undefined:undefined:undefined:undefined":3,"s:148:4:167:Infinity":28,"b:148:8:148:40:148:40:148:70":4,"b:149:6:167:Infinity:158:13:167:Infinity":5,"s:149:6:167:Infinity":29,"s:150:8:157:Infinity":30,"s:159:8:167:Infinity":31,"f:172:16:172:47":5,"s:173:15:173:36":32,"b:175:4:193:Infinity:185:11:193:Infinity":6,"s:175:4:193:Infinity":33,"s:176:6:184:Infinity":34,"s:186:6:193:Infinity":35,"f:197:16:197:44":6,"s:198:22:198:46":36,"s:199:21:199:44":37,"b:201:4:218:Infinity:210:11:218:Infinity":7,"s:201:4:218:Infinity":38,"s:202:6:209:Infinity":39,"s:211:6:218:Infinity":40,"b:221:4:229:Infinity:undefined:undefined:undefined:undefined":8,"s:221:4:229:Infinity":41,"s:222:6:229:Infinity":42,"f:233:16:233:50":7,"s:234:20:234:Infinity":43,"s:236:4:247:Infinity":44,"s:237:20:237:Infinity":45,"b:238:6:247:Infinity:undefined:undefined:undefined:undefined":9,"s:238:6:247:Infinity":46,"s:239:29:239:Infinity":47,"b:239:55:239:65:239:65:239:Infinity":10,"s:240:8:247:Infinity":48,"s:251:22:251:58":49,"b:252:4:270:Infinity:261:11:270:Infinity":11,"s:252:4:270:Infinity":50,"s:253:6:260:Infinity":51,"s:262:6:270:Infinity":52,"f:274:2:274:10":8,"s:275:4:275:Infinity":53,"f:278:2:278:10":9,"s:279:20:284:Infinity":54,"f:281:25:281:32":10,"s:281:37:281:57":55,"f:282:27:282:34":11,"s:282:39:282:62":56,"f:283:25:283:32":12,"s:283:37:283:57":57,"s:286:4:290:Infinity":58,"f:293:8:293:45":13,"s:294:4:301:Infinity":59,"s:295:12:295:99":60,"s:296:6:296:Infinity":61,"b:298:6:299:Infinity:undefined:undefined:undefined:undefined":12,"s:298:6:299:Infinity":62,"s:299:8:299:Infinity":63,"s:301:6:301:Infinity":64,"s:306:22:306:34":65}}}
,"D:\\AI\\ClawTools\\clawtools\\core\\installer.ts": {"path":"D:\\AI\\ClawTools\\clawtools\\core\\installer.ts","statementMap":{"0":{"start":{"line":29,"column":29},"end":{"line":60,"column":null}},"1":{"start":{"line":63,"column":17},"end":{"line":63,"column":null}},"2":{"start":{"line":65,"column":2},"end":{"line":66,"column":null}},"3":{"start":{"line":66,"column":4},"end":{"line":66,"column":null}},"4":{"start":{"line":69,"column":2},"end":{"line":85,"column":null}},"5":{"start":{"line":70,"column":25},"end":{"line":70,"column":49}},"6":{"start":{"line":71,"column":19},"end":{"line":71,"column":30}},"7":{"start":{"line":72,"column":16},"end":{"line":72,"column":null}},"8":{"start":{"line":73,"column":23},"end":{"line":73,"column":62}},"9":{"start":{"line":75,"column":4},"end":{"line":83,"column":null}},"10":{"start":{"line":76,"column":6},"end":{"line":76,"column":null}},"11":{"start":{"line":77,"column":6},"end":{"line":77,"column":null}},"12":{"start":{"line":78,"column":22},"end":{"line":78,"column":77}},"13":{"start":{"line":79,"column":6},"end":{"line":79,"column":null}},"14":{"start":{"line":81,"column":6},"end":{"line":81,"column":null}},"15":{"start":{"line":83,"column":6},"end":{"line":83,"column":null}},"16":{"start":{"line":83,"column":12},"end":{"line":83,"column":47}},"17":{"start":{"line":89,"column":18},"end":{"line":89,"column":null}},"18":{"start":{"line":91,"column":2},"end":{"line":101,"column":null}},"19":{"start":{"line":93,"column":6},"end":{"line":93,"column":null}},"20":{"start":{"line":95,"column":6},"end":{"line":97,"column":null}},"21":{"start":{"line":99,"column":6},"end":{"line":99,"column":null}},"22":{"start":{"line":101,"column":6},"end":{"line":101,"column":null}},"23":{"start":{"line":106,"column":39},"end":{"line":106,"column":null}},"24":{"start":{"line":108,"column":2},"end":{"line":141,"column":null}},"25":{"start":{"line":111,"column":4},"end":{"line":120,"column":null}},"26":{"start":{"line":112,"column":6},"end":{"line":112,"column":null}},"27":{"start":{"line":113,"column":15},"end":{"line":120,"column":null}},"28":{"start":{"line":114,"column":23},"end":{"line":114,"column":null}},"29":{"start":{"line":115,"column":6},"end":{"line":117,"column":null}},"30":{"start":{"line":119,"column":26},"end":{"line":119,"column":null}},"31":{"start":{"line":120,"column":6},"end":{"line":120,"column":null}},"32":{"start":{"line":123,"column":4},"end":{"line":123,"column":null}},"33":{"start":{"line":125,"column":10},"end":{"line":125,"column":88}},"34":{"start":{"line":126,"column":10},"end":{"line":129,"column":null}},"35":{"start":{"line":131,"column":4},"end":{"line":136,"column":null}},"36":{"start":{"line":138,"column":4},"end":{"line":141,"column":null}},"37":{"start":{"line":146,"column":2},"end":{"line":165,"column":null}},"38":{"start":{"line":147,"column":4},"end":{"line":147,"column":null}},"39":{"start":{"line":149,"column":21},"end":{"line":149,"column":null}},"40":{"start":{"line":150,"column":24},"end":{"line":152,"column":46}},"41":{"start":{"line":154,"column":24},"end":{"line":154,"column":null}},"42":{"start":{"line":155,"column":4},"end":{"line":158,"column":null}},"43":{"start":{"line":156,"column":6},"end":{"line":158,"column":null}},"44":{"start":{"line":157,"column":8},"end":{"line":158,"column":null}},"45":{"start":{"line":158,"column":10},"end":{"line":158,"column":null}},"46":{"start":{"line":163,"column":4},"end":{"line":163,"column":null}},"47":{"start":{"line":165,"column":4},"end":{"line":165,"column":null}},"48":{"start":{"line":170,"column":2},"end":{"line":175,"column":null}},"49":{"start":{"line":171,"column":10},"end":{"line":171,"column":86}},"50":{"start":{"line":172,"column":21},"end":{"line":172,"column":39}},"51":{"start":{"line":173,"column":4},"end":{"line":173,"column":null}},"52":{"start":{"line":175,"column":4},"end":{"line":175,"column":null}}},"fnMap":{"0":{"name":"installNode","decl":{"start":{"line":62,"column":22},"end":{"line":62,"column":34}},"loc":{"start":{"line":62,"column":80},"end":{"line":85,"column":null}},"line":62},"1":{"name":"(anonymous_1)","decl":{"start":{"line":69,"column":13},"end":{"line":69,"column":22}},"loc":{"start":{"line":69,"column":34},"end":{"line":85,"column":null}},"line":69},"2":{"name":"getOpenClawInstallCommand","decl":{"start":{"line":88,"column":16},"end":{"line":88,"column":42}},"loc":{"start":{"line":88,"column":75},"end":{"line":101,"column":null}},"line":88},"3":{"name":"installOpenClaw","decl":{"start":{"line":105,"column":22},"end":{"line":105,"column":38}},"loc":{"start":{"line":105,"column":87},"end":{"line":141,"column":null}},"line":105},"4":{"name":"uninstallOpenClaw","decl":{"start":{"line":145,"column":22},"end":{"line":145,"column":66}},"loc":{"start":{"line":145,"column":66},"end":{"line":165,"column":null}},"line":145},"5":{"name":"getAvailableVersions","decl":{"start":{"line":169,"column":16},"end":{"line":169,"column":49}},"loc":{"start":{"line":169,"column":49},"end":{"line":175,"column":null}},"line":169}},"branchMap":{"0":{"loc":{"start":{"line":65,"column":2},"end":{"line":66,"column":null}},"type":"if","locations":[{"start":{"line":65,"column":2},"end":{"line":66,"column":null}},{"start":{},"end":{}}],"line":65},"1":{"loc":{"start":{"line":72,"column":16},"end":{"line":72,"column":null}},"type":"cond-expr","locations":[{"start":{"line":72,"column":39},"end":{"line":72,"column":48}},{"start":{"line":72,"column":48},"end":{"line":72,"column":null}}],"line":72},"2":{"loc":{"start":{"line":89,"column":18},"end":{"line":89,"column":null}},"type":"cond-expr","locations":[{"start":{"line":89,"column":49},"end":{"line":89,"column":61}},{"start":{"line":89,"column":61},"end":{"line":89,"column":null}}],"line":89},"3":{"loc":{"start":{"line":91,"column":2},"end":{"line":101,"column":null}},"type":"switch","locations":[{"start":{"line":92,"column":4},"end":{"line":93,"column":null}},{"start":{"line":94,"column":4},"end":{"line":97,"column":null}},{"start":{"line":98,"column":4},"end":{"line":99,"column":null}},{"start":{"line":100,"column":4},"end":{"line":101,"column":null}}],"line":91},"4":{"loc":{"start":{"line":95,"column":13},"end":{"line":97,"column":null}},"type":"cond-expr","locations":[{"start":{"line":96,"column":10},"end":{"line":96,"column":null}},{"start":{"line":97,"column":10},"end":{"line":97,"column":null}}],"line":95},"5":{"loc":{"start":{"line":111,"column":4},"end":{"line":120,"column":null}},"type":"if","locations":[{"start":{"line":111,"column":4},"end":{"line":120,"column":null}},{"start":{"line":113,"column":15},"end":{"line":120,"column":null}}],"line":111},"6":{"loc":{"start":{"line":113,"column":15},"end":{"line":120,"column":null}},"type":"if","locations":[{"start":{"line":113,"column":15},"end":{"line":120,"column":null}},{"start":{"line":118,"column":11},"end":{"line":120,"column":null}}],"line":113},"7":{"loc":{"start":{"line":115,"column":16},"end":{"line":117,"column":null}},"type":"cond-expr","locations":[{"start":{"line":116,"column":10},"end":{"line":116,"column":null}},{"start":{"line":117,"column":10},"end":{"line":117,"column":null}}],"line":115},"8":{"loc":{"start":{"line":119,"column":26},"end":{"line":119,"column":null}},"type":"binary-expr","locations":[{"start":{"line":119,"column":26},"end":{"line":119,"column":38}},{"start":{"line":119,"column":38},"end":{"line":119,"column":null}}],"line":119},"9":{"loc":{"start":{"line":119,"column":38},"end":{"line":119,"column":null}},"type":"cond-expr","locations":[{"start":{"line":119,"column":61},"end":{"line":119,"column":72}},{"start":{"line":119,"column":72},"end":{"line":119,"column":null}}],"line":119},"10":{"loc":{"start":{"line":123,"column":49},"end":{"line":123,"column":105}},"type":"cond-expr","locations":[{"start":{"line":123,"column":80},"end":{"line":123,"column":92}},{"start":{"line":123,"column":92},"end":{"line":123,"column":105}}],"line":123},"11":{"loc":{"start":{"line":127,"column":6},"end":{"line":127,"column":null}},"type":"cond-expr","locations":[{"start":{"line":127,"column":37},"end":{"line":127,"column":56}},{"start":{"line":127,"column":56},"end":{"line":127,"column":null}}],"line":127},"12":{"loc":{"start":{"line":150,"column":24},"end":{"line":152,"column":46}},"type":"cond-expr","locations":[{"start":{"line":151,"column":8},"end":{"line":151,"column":105}},{"start":{"line":152,"column":8},"end":{"line":152,"column":46}}],"line":150},"13":{"loc":{"start":{"line":155,"column":4},"end":{"line":158,"column":null}},"type":"if","locations":[{"start":{"line":155,"column":4},"end":{"line":158,"column":null}},{"start":{},"end":{}}],"line":155},"14":{"loc":{"start":{"line":157,"column":8},"end":{"line":158,"column":null}},"type":"if","locations":[{"start":{"line":157,"column":8},"end":{"line":158,"column":null}},{"start":{},"end":{}}],"line":157}},"s":{"0":0,"1":0,"2":0,"3":0,"4":0,"5":0,"6":0,"7":0,"8":0,"9":0,"10":0,"11":0,"12":0,"13":0,"14":0,"15":0,"16":0,"17":0,"18":0,"19":0,"20":0,"21":0,"22":0,"23":0,"24":0,"25":0,"26":0,"27":0,"28":0,"29":0,"30":0,"31":0,"32":0,"33":0,"34":0,"35":0,"36":0,"37":0,"38":0,"39":0,"40":0,"41":0,"42":0,"43":0,"44":0,"45":0,"46":0,"47":0,"48":0,"49":0,"50":0,"51":0,"52":0},"f":{"0":0,"1":0,"2":0,"3":0,"4":0,"5":0},"b":{"0":[0,0],"1":[0,0],"2":[0,0],"3":[0,0,0,0],"4":[0,0],"5":[0,0],"6":[0,0],"7":[0,0],"8":[0,0],"9":[0,0],"10":[0,0],"11":[0,0],"12":[0,0],"13":[0,0],"14":[0,0]},"meta":{"lastBranch":15,"lastFunction":6,"lastStatement":53,"seen":{"s:29:29:60:Infinity":0,"f:62:22:62:34":0,"s:63:17:63:Infinity":1,"b:65:2:66:Infinity:undefined:undefined:undefined:undefined":0,"s:65:2:66:Infinity":2,"s:66:4:66:Infinity":3,"s:69:2:85:Infinity":4,"f:69:13:69:22":1,"s:70:25:70:49":5,"s:71:19:71:30":6,"s:72:16:72:Infinity":7,"b:72:39:72:48:72:48:72:Infinity":1,"s:73:23:73:62":8,"s:75:4:83:Infinity":9,"s:76:6:76:Infinity":10,"s:77:6:77:Infinity":11,"s:78:22:78:77":12,"s:79:6:79:Infinity":13,"s:81:6:81:Infinity":14,"s:83:6:83:Infinity":15,"s:83:12:83:47":16,"f:88:16:88:42":2,"s:89:18:89:Infinity":17,"b:89:49:89:61:89:61:89:Infinity":2,"b:92:4:93:Infinity:94:4:97:Infinity:98:4:99:Infinity:100:4:101:Infinity":3,"s:91:2:101:Infinity":18,"s:93:6:93:Infinity":19,"s:95:6:97:Infinity":20,"b:96:10:96:Infinity:97:10:97:Infinity":4,"s:99:6:99:Infinity":21,"s:101:6:101:Infinity":22,"f:105:22:105:38":3,"s:106:39:106:Infinity":23,"s:108:2:141:Infinity":24,"b:111:4:120:Infinity:113:15:120:Infinity":5,"s:111:4:120:Infinity":25,"s:112:6:112:Infinity":26,"b:113:15:120:Infinity:118:11:120:Infinity":6,"s:113:15:120:Infinity":27,"s:114:23:114:Infinity":28,"s:115:6:117:Infinity":29,"b:116:10:116:Infinity:117:10:117:Infinity":7,"s:119:26:119:Infinity":30,"b:119:26:119:38:119:38:119:Infinity":8,"b:119:61:119:72:119:72:119:Infinity":9,"s:120:6:120:Infinity":31,"s:123:4:123:Infinity":32,"b:123:80:123:92:123:92:123:105":10,"s:125:10:125:88":33,"s:126:10:129:Infinity":34,"b:127:37:127:56:127:56:127:Infinity":11,"s:131:4:136:Infinity":35,"s:138:4:141:Infinity":36,"f:145:22:145:66":4,"s:146:2:165:Infinity":37,"s:147:4:147:Infinity":38,"s:149:21:149:Infinity":39,"s:150:24:152:46":40,"b:151:8:151:105:152:8:152:46":12,"s:154:24:154:Infinity":41,"b:155:4:158:Infinity:undefined:undefined:undefined:undefined":13,"s:155:4:158:Infinity":42,"s:156:6:158:
[...]
,"D:\\AI\\ClawTools\\clawtools\\db\\index.ts": {"path":"D:\\AI\\ClawTools\\clawtools\\db\\index.ts","statementMap":{"0":{"start":{"line":49,"column":18},"end":{"line":49,"column":87}},"1":{"start":{"line":50,"column":4},"end":{"line":51,"column":null}},"2":{"start":{"line":51,"column":6},"end":{"line":51,"column":null}},"3":{"start":{"line":54,"column":4},"end":{"line":54,"column":null}},"4":{"start":{"line":55,"column":4},"end":{"line":55,"column":null}},"5":{"start":{"line":56,"column":4},"end":{"line":56,"column":null}},"6":{"start":{"line":57,"column":4},"end":{"line":57,"column":null}},"7":{"start":{"line":61,"column":4},"end":{"line":101,"column":null}},"8":{"start":{"line":105,"column":16},"end":{"line":105,"column":78}},"9":{"start":{"line":106,"column":4},"end":{"line":114,"column":null}},"10":{"start":{"line":118,"column":30},"end":{"line":118,"column":32}},"11":{"start":{"line":120,"column":4},"end":{"line":121,"column":null}},"12":{"start":{"line":121,"column":6},"end":{"line":121,"column":null}},"13":{"start":{"line":123,"column":4},"end":{"line":124,"column":null}},"14":{"start":{"line":124,"column":6},"end":{"line":124,"column":null}},"15":{"start":{"line":126,"column":4},"end":{"line":127,"column":null}},"16":{"start":{"line":127,"column":6},"end":{"line":127,"column":null}},"17":{"start":{"line":129,"column":4},"end":{"line":130,"column":null}},"18":{"start":{"line":130,"column":6},"end":{"line":130,"column":null}},"19":{"start":{"line":132,"column":4},"end":{"line":133,"column":null}},"20":{"start":{"line":133,"column":6},"end":{"line":133,"column":null}},"21":{"start":{"line":135,"column":4},"end":{"line":136,"column":null}},"22":{"start":{"line":136,"column":6},"end":{"line":136,"column":null}},"23":{"start":{"line":139,"column":4},"end":{"line":139,"column":null}},"24":{"start":{"line":139,"column":30},"end":{"line":139,"column":null}},"25":{"start":{"line":141,"column":4},"end":{"line":145,"column":null}},"26":{"start":{"line":142,"column":6},"end":{"line":142,"column":null}},"27":{"start":{"line":143,"column":6},"end":{"line":143,"column":null}},"28":{"start":{"line":145,"column":6},"end":{"line":145,"column":null}},"29":{"start":{"line":150,"column":4},"end":{"line":164,"column":null}},"30":{"start":{"line":151,"column":21},"end":{"line":160,"column":null}},"31":{"start":{"line":162,"column":6},"end":{"line":162,"column":null}},"32":{"start":{"line":164,"column":6},"end":{"line":164,"column":null}},"33":{"start":{"line":169,"column":33},"end":{"line":169,"column":35}},"34":{"start":{"line":170,"column":26},"end":{"line":170,"column":28}},"35":{"start":{"line":172,"column":4},"end":{"line":174,"column":null}},"36":{"start":{"line":173,"column":6},"end":{"line":173,"column":null}},"37":{"start":{"line":174,"column":6},"end":{"line":174,"column":null}},"38":{"start":{"line":176,"column":4},"end":{"line":178,"column":null}},"39":{"start":{"line":177,"column":6},"end":{"line":177,"column":null}},"40":{"start":{"line":178,"column":6},"end":{"line":178,"column":null}},"41":{"start":{"line":180,"column":4},"end":{"line":182,"column":null}},"42":{"start":{"line":181,"column":6},"end":{"line":181,"column":null}},"43":{"start":{"line":182,"column":6},"end":{"line":182,"column":null}},"44":{"start":{"line":184,"column":4},"end":{"line":186,"column":null}},"45":{"start":{"line":185,"column":6},"end":{"line":185,"column":null}},"46":{"start":{"line":186,"column":6},"end":{"line":186,"column":null}},"47":{"start":{"line":188,"column":4},"end":{"line":190,"column":null}},"48":{"start":{"line":189,"column":6},"end":{"line":189,"column":null}},"49":{"start":{"line":190,"column":6},"end":{"line":190,"column":null}},"50":{"start":{"line":193,"column":4},"end":{"line":193,"column":null}},"51":{"start":{"line":194,"column":4},"end":{"line":194,"column":null}},"52":{"start":{"line":196,"column":4},"end":{"line":200,"column":null}},"53":{"start":{"line":197,"column":6},"end":{"line":197,"column":null}},"54":{"start":{"line":198,"column":6},"end":{"line":198,"column":null}},"55":{"start":{"line":200,"column":6},"end":{"line":200,"column":null}},"56":{"start":{"line":205,"column":16},"end":{"line":205,"column":96}},"57":{"start":{"line":206,"column":4},"end":{"line":206,"column":null}},"58":{"start":{"line":206,"column":14},"end":{"line":206,"column":null}},"59":{"start":{"line":208,"column":4},"end":{"line":218,"column":null}},"60":{"start":{"line":222,"column":17},"end":{"line":222,"column":79}},"61":{"start":{"line":224,"column":4},"end":{"line":234,"column":null}},"62":{"start":{"line":224,"column":28},"end":{"line":234,"column":7}},"63":{"start":{"line":238,"column":4},"end":{"line":242,"column":null}},"64":{"start":{"line":239,"column":6},"end":{"line":239,"column":null}},"65":{"start":{"line":240,"column":6},"end":{"line":240,"column":null}},"66":{"start":{"line":242,"column":6},"end":{"line":242,"column":null}},"67":{"start":{"line":247,"column":4},"end":{"line":254,"column":null}},"68":{"start":{"line":248,"column":21},"end":{"line":251,"column":71}},"69":{"start":{"line":252,"column":6},"end":{"line":252,"column":null}},"70":{"start":{"line":254,"column":6},"end":{"line":254,"column":null}},"71":{"start":{"line":259,"column":17},"end":{"line":259,"column":101}},"72":{"start":{"line":261,"column":4},"end":{"line":268,"column":null}},"73":{"start":{"line":261,"column":28},"end":{"line":268,"column":7}},"74":{"start":{"line":272,"column":4},"end":{"line":272,"column":null}},"75":{"start":{"line":276,"column":17},"end":{"line":276,"column":101}},"76":{"start":{"line":278,"column":4},"end":{"line":283,"column":null}},"77":{"start":{"line":278,"column":28},"end":{"line":283,"column":7}},"78":{"start":{"line":287,"column":4},"end":{"line":287,"column":null}},"79":{"start":{"line":291,"column":41},"end":{"line":291,"column":null}},"80":{"start":{"line":294,"column":2},"end":{"line":295,"column":null}},"81":{"start":{"line":295,"column":4},"end":{"line":295,"column":null}},"82":{"start":{"line":297,"column":2},"end":{"line":297,"column":null}}},"fnMap":{"0":{"name":"(anonymous_0)","decl":{"start":{"line":48,"column":2},"end":{"line":48,"column":14}},"loc":{"start":{"line":48,"column":31},"end":{"line":57,"column":null}},"line":48},"1":{"name":"(anonymous_1)","decl":{"start":{"line":60,"column":2},"end":{"line":60,"column":10}},"loc":{"start":{"line":60,"column":23},"end":{"line":101,"column":null}},"line":60},"2":{"name":"(anonymous_2)","decl":{"start":{"line":104,"column":2},"end":{"line":104,"column":9}},"loc":{"start":{"line":104,"column":35},"end":{"line":114,"column":null}},"line":104},"3":{"name":"(anonymous_3)","decl":{"start":{"line":117,"column":2},"end":{"line":117,"column":9}},"loc":{"start":{"line":117,"column":62},"end":{"line":145,"column":null}},"line":117},"4":{"name":"(anonymous_4)","decl":{"start":{"line":149,"column":2},"end":{"line":149,"column":9}},"loc":{"start":{"line":149,"column":102},"end":{"line":164,"column":null}},"line":149},"5":{"name":"(anonymous_5)","decl":{"start":{"line":168,"column":2},"end":{"line":168,"column":9}},"loc":{"start":{"line":168,"column":87},"end":{"line":200,"column":null}},"line":168},"6":{"name":"(anonymous_6)","decl":{"start":{"line":204,"column":2},"end":{"line":204,"column":9}},"loc":{"start":{"line":204,"column":64},"end":{"line":218,"column":null}},"line":204},"7":{"name":"(anonymous_7)","decl":{"start":{"line":221,"column":2},"end":{"line":221,"column":9}},"loc":{"start":{"line":221,"column":45},"end":{"line":234,"column":null}},"line":221},"8":{"name":"(anonymous_8)","decl":{"start":{"line":224,"column":16},"end":{"line":224,"column":20}},"loc":{"start":{"line":224,"column":28},"end":{"line":234,"column":7}},"line":224},"9":{"name":"(anonymous_9)","decl":{"start":{"line":237,"column":2},"end":{"line":237,"column":9}},"loc":{"start":{"line":237,"column":53},"end":{"line":242,"column":null}},"line":237},"10":{"name":"(anonymous_10)","decl":{"start":{"line":246,"column":2},"end":{"line":246,"column":9}},"loc":{"start":{"line":246,"column":88},"end":{"line":254,"column":null}},"line":246},"11":{"name":"(anonymous_11)","decl":{"start":{"line":258,"column":2},"end":{"line":258,"column":9}},"loc":{"start":{"line":258,"column":62},"end":{"line":268,"column":null}},"line":258},"12":{"name":"(anonymous_12)","decl":{"start":{"line":261,"column":16},"end":{"line":261,"column":20}},"loc":{"start":{"line":261,"column":28},"end":{"line":268,"column":7}},"line":261},"13":{"name":"(anonymous_13)","decl":{"start":{"line":271,"column":2},"end":{"line":271,"column":9}},"loc":{"start":{"line":271,"column":60},"end":{"line":272,"column":null}},"line":271},"14":{"name":"(anonymous_14)","decl":{"start":{"line":275,"column":2},"end":{"line":275,"column":9}},"loc":{"start":{"line":275,"column":57},"end":{"line":283,"column":null}},"line":275},"15":{"name":"(anonymous_15)","decl":{"start":{"line":278,"column":16},"end":{"line":278,"column":20}},"loc":{"start":{"line":278,"column":28},"end":{"line":283,"column":7}},"line":278},"16":{"name":"(anonymous_16)","decl":{"start":{"line":286,"column":2},"end":{"line":286,"column":9}},"loc":{"start":{"line":286,"column":23},"end":{"line":287,"column":null}},"line":286},"17":{"name":"getDatabase","decl":{"start":{"line":293,"column":16},"end":{"line":293,"column":47}},"loc":{"start":{"line":293,"column":47},"end":{"line":297,"column":null}},"line":293}},"branchMap":{"0":{"loc":{"start":{"line":49,"column":18},"end":{"line":49,"column":87}},"type":"cond-expr","locations":[{"start":{"line":49,"column":27},"end":{"line":49,"column":47}},{"start":{"line":49,"column":50},"end":{"line":49,"column":87}}],"line":49},"1":{"loc":{"start":{"line":50,"column":4},"end":{"line":51,"column":null}},"type":"if","locations":[{"start":{"line":50,"column":4},"end":{"line":51,"column":null}},{"start":{},"end":{}}],"line":50},"2":{"loc":{"start":{"line":54,"column":18},"end":{"line":54,"column":60}},"type":"binary-expr","locations":[{"start":{"line":54,"column":18},"end":{"line":54,"column":28}},{"start":{"line":54,"column":28},"end":{"line":54,"column":60}}],"line":54},"3":{"loc":{"start":{"line":120,"column":4},"end":{"line":121,"column":null}},"type":"if","locations":[{"start":{"line":120,"column":4},"end":{"line":121,"column":null}},{"start":{},"end":{}}],"line":120},"4":{"loc":{"start":{"line":121,"column":43},"end":{"line":121,"column":78}},"type":"cond-expr","locations":[{"start":{"line":121,"column":70},"end":{"line":121,"column":74}},{"start":{"line":121,"column":74},"end":{"line":121,"column":78}}],"line":121},"5":{"loc":{"start":{"line":123,"column":4},"end":{"line":124,"column":null}},"type":"if","locations":[{"start":{"line":123,"column":4},"end":{"line":124,"column":null}},{"start":{},"end":{}}],"line":123},"6":{"loc":{"start":{"line":124,"column":36},"end":{"line":124,"column":64}},"type":"cond-expr","locations":[{"start":{"line":124,"column":56},"end":{"line":124,"column":60}},{"start":{"line":124,"column":60},"end":{"line":124,"column":64}}],"line":124},"7":{"loc":{"start":{"line":126,"column":4},"end":{"line":127,"column":null}},"type":"if","locations":[{"start":{"line":126,"column":4},"end":{"line":127,"column":null}},{"start":{},"end":{}}],"line":126},"8":{"loc":{"start":{"line":129,"column":4},"end":{"line":130,"column":null}},"type":"if","locations":[{"start":{"line":129,"column":4},"end":{"line":130,"column":null}},{"start":{},"end":{}}],"line":129},"9":{"loc":{"start":{"line":132,"column":4},"end":{"line":133,"column":null}},"type":"if","locations":[{"start":{"line":132,"column":4},"end":{"line":133,"column":null}},{"start":{},"end":{}}],"line":132},"10":{"loc":{"start":{"line":133,"column":36},"end":{"line":133,"column":64}},"type":"cond-expr","locations":[{"start":{"line":133,"column":56},"end":{"line":133,"column":60}},{"start":{"line":133,"column":60},"end":{"line":133,"column":64}}],"line":133},"11":{"loc":{"start":{"line":135,"column":4},"end":{"line":136,"column":null}},"type":"if","locations":[{"start":{"line":135,"column":4},"end":{"line":136,"column":null}},{"start":{},"end":{}}],"line":135},"12":{"loc":{"start":{"line":139,"column":4},"end":{"line":139,"column":null}},"type":"if","locations":[{"start":{"line":139,"column":4},"end":{"line":139,"column":null}},{"start":{},"end":{}}],"line":139},"13":{"loc":{"start":{"line":160,"column":8},"end":{"line":160,"column":null}},"type":"cond-expr","locations":[{"start":{"line":160,"column":27},"end":{"line":160,"column":31}},{"start":{"line":160,"column":31},"end":{"line":160,"column":null}}],"line":160},"14":{"loc":{"start":{"line":172,"column":4},"end":{"line":174,"column":null}},"type":"if","locations":[{"start":{"line":172,"column":4},"end":{"line":174,"column":null}},{"start":{},"end":{}}],"line":172},"15":{"loc":{"start":{"line":176,"column":4},"end":{"line":178,"column":null}},"type":"if","locations":[{"start":{"line":176,"column":4},"end":{"line":178,"column":null}},{"start":{},"end":{}}],"line":176},"16":{"loc":{"start":{"line":180,"column":4},"end":{"line":182,"column":null}},"type":"if","locations":[{"start":{"line":180,"column":4},"end":{"line":182,"column":null}},{"start":{},"end":{}}],"line":180},"17":{"loc":{"start":{"line":184,"column":4},"end":{"line":186,"column":null}},"type":"if","locations":[{"start":{"line":184,"column":4},"end":{"line":186,"column":null}},{"start":{},"end":{}}],"line":184},"18":{"loc":{"start":{"line":188,"column":4},"end":{"line":190,"column":null}},"type":"if","locations":[{"start":{"line":188,"column":4},"end":{"line":190,"column":null}},{"start":{},"end":{}}],"line":188},"19":{"loc":{"start":{"line":190,"column":18},"end":{"line":190,"column":42}},"type":"cond-expr","locations":[{"start":{"line":190,"column":36},"end":{"line":190,"column":40}},{"start":{"line":190,"column":40},"end":{"line":190,"column":42}}],"line":190},"20":{"loc":{"start":{"line":206,"column":4},"end":{"line":206,"column":null}},"type":"if","locations":[{"start":{"line":206,"column":4},"end":{"line":206,"column":null}},{"start":{},"end":{}}],"line":206},"21":{"loc":{"start":{"line":258,"column":26},"end":{"line":258,"column":62}},"type":"default-arg","locations":[{"start":{"line":258,"column":42},"end":{"line":258,"column":62}}],"line":258},"22":{"loc":{"start":{"line":272,"column":87},"end":{"line":272,"column":103}},"type":"binary-expr","locations":[{"start":{"line":272,"column":87},"end":{"line":272,"column":98}},{"start":{"line":272,"column":98},"end":{"line":272,"column":103}}],"line":272},"23":{"loc":{"start":{"line":275,"column":20},"end":{"line":275,"column":57}},"type":"default-arg","locations":[{"start":{"line":275,"column":36},"end":{"line":275,"column":57}}],"line":275},"24":{"loc":{"start":{"line":294,"column":2},"end":{"line":295,"column":null}},"type":"if","locations":[{"start":{"line":294,"column":2},"end":{"line":295,"column":null}},{"start":{},"end":{}}],"line":294}},"s":{"0":16,"1":16,"2":0,"3":16,"4":16,"5":16,"6":16,"7":16,"8":3,"9":3,"10":3,"11":3,"12":2,"13":3,"14":2,"15":3,"16":1,"17":3,"18":0,"19":3,"20":0,"21":3,"22":0,"23":3,"24":0,"25":3,"26":3,"27":3,"28":0,"29":6,"30":6,"31":6,"32":0,"33":1,"34":1,"35":1,"36":1,"37":1,"38":1,"39":0,"40":0,"41":1,"42":0,"43":0,"44":1,"45":0,"46":0,"47":1,"48":1,"49":1,"50":1,"51":1,"52":1,"53":1,"54":1,"55":0,"56":4,"57":4,"58":2,"59":2,"60":1,"61":1,"62":2,"63":1,"64":1,"65":1,"66":0,"67":3,"68":3,"69":3,"70":0,"71":1,"72":1,"73":2,"74":12,"75":3,"76":3,"77":7,"78":16,"79":1,"80":0,"81":0,"82":0},"f":{"0":16,"1":16,"2":3,"3":3,"4":6,"5":1,"6":4,"7":1,"8":2,"9":1,"10":3,"11":1,"12":2,"13":12,"14":3,"15":7,"16":16,"17":0},"b":{"0":[16,0],"1":[0,16],"2":[16,0],"3":[2,1],"4":[2,0],"5":[2,1],"6":[1,1],"7":[1,2],"8":[0,3],"9":[0,3],"10":[0,0],"11":[0,3],"12":[0,3],"13":[5,1],"14":[1,0],"15":[0,1],"16":[0,1],"17":[0,1],"18":[1,0],"19":[0,1],"20":[2,2],"21":[1],"22":[12,11],"23":[3],"24":[0,0]},"meta":{"lastBranch":25,"lastFunction":18,"lastStatement":83,"seen":{"f:48:2:48:14":0,"s:49:18:49:87":0,"b:49:27:49:47:49:50:49:87":0,"b:50:4:51:Infinity:undefined:undefined:undefined:undefined":1,"s:50:4:51:Infinity":1,"s:51:6:51:Infinity":2,"s:54:4:54:Infinity":3,"b:54:18:54:28:54:28:54:60":2,"s:55:4:55:Infinity":4,"s:56:4:56:Infinity":5,"s:57:4:57:Infinity":6,"f:60:2:60:10":1,"s:61:4:101:Infinity":7,"f:104:2:104:9":2,"s:105:16:105:78":8,"s:106:4:114:Infinity":9,"f:117:2:117:9":3,"s:118:30:118:32":10,"b:120:4:121:Infinity:undefined:undefined:undefined:undefined":3,"s:120:4:121:Infinity":11,"s:121:6:121:Infinity":12,"b:121:70:121:74:121:74:121:78":4,"b:123:4:124:Infinity:undefined:undefined:undefined:undefined":5,"s:123:4:124:Infinity":13,"s:124:6:124:Infinity":14,"b:124:56:124:60:124:60:124:64":6,"b:126:4:127:Infinity:undefined:undefined:undefined:undefined":7,"s:126:4:127:Infinity":15,"s:127:6:127:Infinity":16,"b:129:4:130:Infinity:undefined:undefined:undefined:undefined":8,"s:129:4:130:Infinity":17,"s:130:6:130:Infinity":18,"b:132:4:133:Infinity:undefined:undefined:undefined:undefined":9,"s:132:4:133:Infinity":19,"s:133:6:133:Infinity":20,"b:133:56:133:60:133:60:133:64":10,"b:135:4:136:Infinity:undefined:undefined:undefined:undefined":11,"s:135:4:136:Infinity":21,"s:136:6:136:Infinity":22,"b:139:4:139:Infinity:undefined:undefined:undefined:undefined":12,"s:139:4:139:Infinity":23,"s:139:30:139:Infinity":24,"s:141:4:145:Infinity":25,"s:142:6:142:Infinity":26,"s:143:6:143:Infinity":27,"s:145:6:145:Infinity":28,"f:149:2:149:9":4,"s:150:4:164:Infinity":29,"s:151:21:160:Infinity":30,"b:160:27:160:31:160:31:160:Infinity":13,"s:162:6:162:Infinity":31,"s:164:6:164:Infinity":32,"f:168:2:168:9":5,"s:169:33:169:35":33,"s:170:26:170:28":34,"b:172:4:174:Infinity:undefined:undefined:undefined:undefined":14,"s:172:4:174:Infinity":35,"s:173:6:173:Infinity":36,"s:174:6:174:Infinity":37,"b:176:4:178:Infinity:undefined:undefined:undefined:undefined":15,"s:176:4:178:Infinity":38,"s:177:6:177:Infinity":39,"s:178:6:178:Infinity":40,"b:180:4:182:Infinity:undefined:undefined:undefined:undefined":16,"s:180:4:182:Infinity":41,"s:181:6:181:Infinity":42,"s:182:6:182:Infinity":43,"b:184:4:186:Infinity:undefined:undefined:undefined:undefined":17,"s:184:4:186:Infinity":44,"s:185:6:185:Infinity":45,"s:186:6:186:Infinity":46,"b:188:4:190:Infinity:undefined:undefined:undefined:undefined":18,"s:188:4:190:Infinity":47,"s:189:6:189:Infinity":48,"s:190:6:190:Infinity":49,"b:190:36:190:40:190:40:190:42":19,"s:193:4:193:Infinity":50,"s:194:4:194:Infinity":51,"s:196:4:200:Infinity":52,"s:197:6:197:Infinity":53,"s:198:6:198:Infinity":54,"s:200:6:200:Infinity":55,"f:204:2:204:9":6,"s:205:16:205:96":56,"b:206:4:206:Infinity:undefined:undefined:undefined:undefined":20,"s:206:4:206:Infinity":57,"s:206:14:206:Infinity":58,"s:208:4:218:Infinity":59,"f:221:2:221:9":7,"s:222:17:222:79":60,"s:224:4:234:Infinity":61,"f:224:16:224:20":8,"s:224:28:234:7":62,"f:237:2:237:9":9,"s:238:4:242:Infinity":63,"s:239:6:239:Infinity":64,"s:240:6:240:Infinity":65,"s:242:6:242:Infinity":66,"f:246:2:246:9":10,"s:247:4:254:Infinity":67,"s:248:21:251:71":68,"s:252:6:252:Infinity":69,"s:254:6:254:Infinity":70,"f:258:2:258:9":11,"b:258:42:258:62":21,"s:259:17:259:101":71,"s:261:4:268:Infinity":72,"f:261:16:261:20":12,"s:261:28:268:7":73,"f:271:2:271:9":13,"s:272:4:272:Infinity":74,"b:272:87:272:98:272:98:272:103":22,"f:275:2:275:9":14,"b:275:36:275:57":23,"s:276:17:276:101":75,"s:278:4:283:Infinity":76,"f:278:16:278:20":15,"s:278:28:283:7":77,"f:286:2:286:9":16,"s:287:4:287:Infinity":78,"s:291:41:291:Infinity":79,"f:293:16:293:47":17,"b:294:2:295:Infinity:undefined:undefined:undefined:undefined":24,"s:294:2:295:Infinity":80,"s:295:4:295:Infinity":81,"s:297:2:297:Infinity":82}}}
}
